Namespace(train_path='./brain4cars_pipeline/temp_data/folder5/brain4cars_train_dataset_mediapipe_random4.json', test_path='./brain4cars_pipeline/temp_data/folder5/brain4cars_valid_dataset_mediapipe_random4.json', epochs=1, batch_size=32, lr=4.2841742901131364e-05, optimizer='Adagrad', device='0', model='ConvTran', d_model=512, d_hidden=1024, q=8, v=8, h=8, N=4, dropout=0.006, pe=True, mask=True, reslut_figure_path='result_figure', filename='brain4cars', logdir='runs/', kfolder_path='D:/ML/Code_project/brain4cars_video/brain4cars_pipeline/temp_data/', kfolder_filename='brain4cars_train_dataset_mediapipe_random5.pik', test_interval=1, draw_key=1, random_seed=49, bath_size=64)
 ___       _     _            _ 
| __| ___ | | __| | ___  _ _ / |
| _| / _ \| |/ _` |/ -_)| '_|| |
|_|  \___/|_|\__,_|\___||_|  |_|
                                

 ___       _     _            ___ 
| __| ___ | | __| | ___  _ _ |_  )
| _| / _ \| |/ _` |/ -_)| '_| / / 
|_|  \___/|_|\__,_|\___||_|  /___|
                                  

 ___       _     _            ____
| __| ___ | | __| | ___  _ _ |__ /
| _| / _ \| |/ _` |/ -_)| '_| |_ \
|_|  \___/|_|\__,_|\___||_|  |___/
                                  

 ___       _     _            _ _  
| __| ___ | | __| | ___  _ _ | | | 
| _| / _ \| |/ _` |/ -_)| '_||_  _|
|_|  \___/|_|\__,_|\___||_|    |_| 
                                   

 ___       _     _            ___ 
| __| ___ | | __| | ___  _ _ | __|
| _| / _ \| |/ _` |/ -_)| '_||__ \
|_|  \___/|_|\__,_|\___||_|  |___/
                                  

F1 = 0.46075746867477835 0.09899716495416819
Namespace(train_path='./brain4cars_pipeline/temp_data/folder5/brain4cars_train_dataset_mediapipe_random4.json', test_path='./brain4cars_pipeline/temp_data/folder5/brain4cars_valid_dataset_mediapipe_random4.json', epochs=1, batch_size=32, lr=4.1095584591300605e-05, optimizer='Adagrad', device='0', model='ConvTran', d_model=512, d_hidden=1024, q=8, v=8, h=8, N=6, dropout=0.01, pe=True, mask=True, reslut_figure_path='result_figure', filename='brain4cars', logdir='runs/', kfolder_path='D:/ML/Code_project/brain4cars_video/brain4cars_pipeline/temp_data/', kfolder_filename='brain4cars_train_dataset_mediapipe_random5.pik', test_interval=1, draw_key=1, random_seed=861, bath_size=32)
 ___       _     _            _ 
| __| ___ | | __| | ___  _ _ / |
| _| / _ \| |/ _` |/ -_)| '_|| |
|_|  \___/|_|\__,_|\___||_|  |_|
                                

 ___       _     _            ___ 
| __| ___ | | __| | ___  _ _ |_  )
| _| / _ \| |/ _` |/ -_)| '_| / / 
|_|  \___/|_|\__,_|\___||_|  /___|
                                  

 ___       _     _            ____
| __| ___ | | __| | ___  _ _ |__ /
| _| / _ \| |/ _` |/ -_)| '_| |_ \
|_|  \___/|_|\__,_|\___||_|  |___/
                                  

 ___       _     _            _ _  
| __| ___ | | __| | ___  _ _ | | | 
| _| / _ \| |/ _` |/ -_)| '_||_  _|
|_|  \___/|_|\__,_|\___||_|    |_| 
                                   

Namespace(train_path='./brain4cars_pipeline/temp_data/folder5/brain4cars_train_dataset_mediapipe_random4.json', test_path='./brain4cars_pipeline/temp_data/folder5/brain4cars_valid_dataset_mediapipe_random4.json', epochs=1, batch_size=32, lr=0.002918557368903742, optimizer='Adagrad', device='0', model='ConvTran', d_model=64, d_hidden=1024, q=8, v=8, h=8, N=4, dropout=0.008, pe=True, mask=True, reslut_figure_path='result_figure', filename='brain4cars', logdir='runs/', kfolder_path='D:/ML/Code_project/brain4cars_video/brain4cars_pipeline/temp_data/', kfolder_filename='brain4cars_train_dataset_mediapipe_random5.pik', test_interval=1, draw_key=1, random_seed=502, bath_size=64)
F1 = 0.8343519075212098 0.04020656180347244
Namespace(train_path='./brain4cars_pipeline/temp_data/folder5/brain4cars_train_dataset_mediapipe_random4.json', test_path='./brain4cars_pipeline/temp_data/folder5/brain4cars_valid_dataset_mediapipe_random4.json', epochs=1, batch_size=32, lr=0.0027532826165887346, optimizer='Adagrad', device='0', model='ConvTran', d_model=32, d_hidden=1024, q=8, v=8, h=2, N=4, dropout=0.006, pe=True, mask=True, reslut_figure_path='result_figure', filename='brain4cars', logdir='runs/', kfolder_path='D:/ML/Code_project/brain4cars_video/brain4cars_pipeline/temp_data/', kfolder_filename='brain4cars_train_dataset_mediapipe_random5.pik', test_interval=1, draw_key=1, random_seed=241, bath_size=32)
Namespace(train_path='./brain4cars_pipeline/temp_data/folder5/brain4cars_train_dataset_mediapipe_random4.json', test_path='./brain4cars_pipeline/temp_data/folder5/brain4cars_valid_dataset_mediapipe_random4.json', epochs=1, batch_size=32, lr=0.00375445546742384, optimizer='Adagrad', device='0', model='ConvTran', d_model=32, d_hidden=1024, q=8, v=8, h=8, N=4, dropout=0.007, pe=True, mask=True, reslut_figure_path='result_figure', filename='brain4cars', logdir='runs/', kfolder_path='D:/ML/Code_project/brain4cars_video/brain4cars_pipeline/temp_data/', kfolder_filename='brain4cars_train_dataset_mediapipe_random5.pik', test_interval=1, draw_key=1, random_seed=13, bath_size=32)
F1 = 0.826827824599131 0.08992119553003358
Namespace(train_path='./brain4cars_pipeline/temp_data/folder5/brain4cars_train_dataset_mediapipe_random4.json', test_path='./brain4cars_pipeline/temp_data/folder5/brain4cars_valid_dataset_mediapipe_random4.json', epochs=1, batch_size=32, lr=0.0006891411242382871, optimizer='Adagrad', device='0', model='ConvTran', d_model=32, d_hidden=1024, q=8, v=8, h=8, N=4, dropout=0.005, pe=True, mask=True, reslut_figure_path='result_figure', filename='brain4cars', logdir='runs/', kfolder_path='D:/ML/Code_project/brain4cars_video/brain4cars_pipeline/temp_data/', kfolder_filename='brain4cars_train_dataset_mediapipe_random5.pik', test_interval=1, draw_key=1, random_seed=266, bath_size=32)
F1 = 0.8397740980285358 0.03223478642729887
Namespace(train_path='./brain4cars_pipeline/temp_data/folder5/brain4cars_train_dataset_mediapipe_random4.json', test_path='./brain4cars_pipeline/temp_data/folder5/brain4cars_valid_dataset_mediapipe_random4.json', epochs=1, batch_size=32, lr=0.0003465002563117091, optimizer='Adagrad', device='0', model='ConvTran', d_model=16, d_hidden=1024, q=8, v=8, h=8, N=4, dropout=0.007, pe=True, mask=True, reslut_figure_path='result_figure', filename='brain4cars', logdir='runs/', kfolder_path='D:/ML/Code_project/brain4cars_video/brain4cars_pipeline/temp_data/', kfolder_filename='brain4cars_train_dataset_mediapipe_random5.pik', test_interval=1, draw_key=1, random_seed=1781, bath_size=16)
Namespace(train_path='./brain4cars_pipeline/temp_data/folder5/brain4cars_train_dataset_mediapipe_random4.json', test_path='./brain4cars_pipeline/temp_data/folder5/brain4cars_valid_dataset_mediapipe_random4.json', epochs=1, batch_size=32, lr=0.006430693721488753, optimizer='Adagrad', device='0', model='ConvTran', d_model=32, d_hidden=1024, q=8, v=8, h=8, N=4, dropout=0.006, pe=True, mask=True, reslut_figure_path='result_figure', filename='brain4cars', logdir='runs/', kfolder_path='D:/ML/Code_project/brain4cars_video/brain4cars_pipeline/temp_data/', kfolder_filename='brain4cars_train_dataset_mediapipe_random5.pik', test_interval=1, draw_key=1, random_seed=779, bath_size=64)
F1 = 0.7689709523298587 0.07675964819532013
Namespace(train_path='./brain4cars_pipeline/temp_data/folder5/brain4cars_train_dataset_mediapipe_random4.json', test_path='./brain4cars_pipeline/temp_data/folder5/brain4cars_valid_dataset_mediapipe_random4.json', epochs=1, batch_size=32, lr=0.00025625156896480353, optimizer='Adagrad', device='0', model='ConvTran', d_model=64, d_hidden=1024, q=8, v=8, h=8, N=4, dropout=0.002, pe=True, mask=True, reslut_figure_path='result_figure', filename='brain4cars', logdir='runs/', kfolder_path='D:/ML/Code_project/brain4cars_video/brain4cars_pipeline/temp_data/', kfolder_filename='brain4cars_train_dataset_mediapipe_random5.pik', test_interval=1, draw_key=1, random_seed=154, bath_size=64)
F1 = 0.8238945356299633 0.017705873187024112
Namespace(train_path='./brain4cars_pipeline/temp_data/folder5/brain4cars_train_dataset_mediapipe_random4.json', test_path='./brain4cars_pipeline/temp_data/folder5/brain4cars_valid_dataset_mediapipe_random4.json', epochs=1, batch_size=32, lr=6.275184461430422e-05, optimizer='Adagrad', device='0', model='ConvTran', d_model=16, d_hidden=1024, q=8, v=8, h=8, N=4, dropout=0.01, pe=True, mask=True, reslut_figure_path='result_figure', filename='brain4cars', logdir='runs/', kfolder_path='D:/ML/Code_project/brain4cars_video/brain4cars_pipeline/temp_data/', kfolder_filename='brain4cars_train_dataset_mediapipe_random5.pik', test_interval=1, draw_key=1, random_seed=1723, bath_size=16)
F1 = 0.14700630751788385 0.10605082218496079
Namespace(train_path='./brain4cars_pipeline/temp_data/folder5/brain4cars_train_dataset_mediapipe_random4.json', test_path='./brain4cars_pipeline/temp_data/folder5/brain4cars_valid_dataset_mediapipe_random4.json', epochs=1, batch_size=32, lr=0.0007213882255860559, optimizer='Adagrad', device='0', model='ConvTran', d_model=16, d_hidden=1024, q=8, v=8, h=8, N=4, dropout=0.001, pe=True, mask=True, reslut_figure_path='result_figure', filename='brain4cars', logdir='runs/', kfolder_path='D:/ML/Code_project/brain4cars_video/brain4cars_pipeline/temp_data/', kfolder_filename='brain4cars_train_dataset_mediapipe_random5.pik', test_interval=1, draw_key=1, random_seed=435, bath_size=16)
F1 = 0.7597152411024874 0.018722265344818866
Namespace(train_path='./brain4cars_pipeline/temp_data/folder5/brain4cars_train_dataset_mediapipe_random4.json', test_path='./brain4cars_pipeline/temp_data/folder5/brain4cars_valid_dataset_mediapipe_random4.json', epochs=1, batch_size=32, lr=0.0015305416760493385, optimizer='Adagrad', device='0', model='ConvTran', d_model=32, d_hidden=1024, q=8, v=8, h=8, N=4, dropout=0.005, pe=True, mask=True, reslut_figure_path='result_figure', filename='brain4cars', logdir='runs/', kfolder_path='D:/ML/Code_project/brain4cars_video/brain4cars_pipeline/temp_data/', kfolder_filename='brain4cars_train_dataset_mediapipe_random5.pik', test_interval=1, draw_key=1, random_seed=1063, bath_size=64)
Namespace(train_path='./brain4cars_pipeline/temp_data/folder5/brain4cars_train_dataset_mediapipe_random4.json', test_path='./brain4cars_pipeline/temp_data/folder5/brain4cars_valid_dataset_mediapipe_random4.json', epochs=150, batch_size=32, lr=0.0015466497244719733, optimizer='Adagrad', device='0', model='ConvTran', d_model=64, d_hidden=1024, q=8, v=8, h=8, N=4, dropout=0.01, pe=True, mask=True, reslut_figure_path='result_figure', filename='brain4cars', logdir='runs/', kfolder_path='D:/ML/Code_project/brain4cars_video/brain4cars_pipeline/temp_data/', kfolder_filename='brain4cars_train_dataset_mediapipe_random5.pik', test_interval=1, draw_key=1, random_seed=447, bath_size=64)
Namespace(train_path='./brain4cars_pipeline/temp_data/folder5/brain4cars_train_dataset_mediapipe_random4.json', test_path='./brain4cars_pipeline/temp_data/folder5/brain4cars_valid_dataset_mediapipe_random4.json', epochs=150, batch_size=32, lr=0.0008255731093875725, optimizer='Adagrad', device='0', model='ConvTran', d_model=32, d_hidden=1024, q=8, v=8, h=8, N=4, dropout=0.003, pe=True, mask=True, reslut_figure_path='result_figure', filename='brain4cars', logdir='runs/', kfolder_path='D:/ML/Code_project/brain4cars_video/brain4cars_pipeline/temp_data/', kfolder_filename='brain4cars_train_dataset_mediapipe_random5.pik', test_interval=1, draw_key=1, random_seed=1918, bath_size=32)
F1 = 0.8924326160398037 0.010838776264339298
Namespace(train_path='./brain4cars_pipeline/temp_data/folder5/brain4cars_train_dataset_mediapipe_random4.json', test_path='./brain4cars_pipeline/temp_data/folder5/brain4cars_valid_dataset_mediapipe_random4.json', epochs=150, batch_size=32, lr=0.0015659235697902747, optimizer='Adagrad', device='0', model='ConvTran', d_model=32, d_hidden=1024, q=8, v=8, h=8, N=4, dropout=0.01, pe=True, mask=True, reslut_figure_path='result_figure', filename='brain4cars', logdir='runs/', kfolder_path='D:/ML/Code_project/brain4cars_video/brain4cars_pipeline/temp_data/', kfolder_filename='brain4cars_train_dataset_mediapipe_random5.pik', test_interval=1, draw_key=1, random_seed=1995, bath_size=32)
F1 = 0.8945697505772741 0.016923340619469002
Namespace(train_path='./brain4cars_pipeline/temp_data/folder5/brain4cars_train_dataset_mediapipe_random4.json', test_path='./brain4cars_pipeline/temp_data/folder5/brain4cars_valid_dataset_mediapipe_random4.json', epochs=150, batch_size=32, lr=0.00016591059274156562, optimizer='Adagrad', device='0', model='ConvTran', d_model=32, d_hidden=1024, q=8, v=8, h=8, N=4, dropout=0.01, pe=True, mask=True, reslut_figure_path='result_figure', filename='brain4cars', logdir='runs/', kfolder_path='D:/ML/Code_project/brain4cars_video/brain4cars_pipeline/temp_data/', kfolder_filename='brain4cars_train_dataset_mediapipe_random5.pik', test_interval=1, draw_key=1, random_seed=1407, bath_size=32)
Namespace(train_path='./brain4cars_pipeline/temp_data/folder5/brain4cars_train_dataset_mediapipe_random4.json', test_path='./brain4cars_pipeline/temp_data/folder5/brain4cars_valid_dataset_mediapipe_random4.json', epochs=150, batch_size=32, lr=1.0272137066190408e-05, optimizer='Adagrad', device='0', model='ConvTran', d_model=32, d_hidden=1024, q=8, v=8, h=8, N=4, dropout=0.01, pe=True, mask=True, reslut_figure_path='result_figure', filename='brain4cars', logdir='runs/', kfolder_path='D:/ML/Code_project/brain4cars_video/brain4cars_pipeline/temp_data/', kfolder_filename='brain4cars_train_dataset_mediapipe_random5.pik', test_interval=1, draw_key=1, random_seed=1396, bath_size=32)
Namespace(train_path='./brain4cars_pipeline/temp_data/folder5/brain4cars_train_dataset_mediapipe_random4.json', test_path='./brain4cars_pipeline/temp_data/folder5/brain4cars_valid_dataset_mediapipe_random4.json', epochs=150, batch_size=32, lr=1.1336337193184966e-05, optimizer='Adagrad', device='0', model='ConvTran', d_model=32, d_hidden=1024, q=8, v=8, h=8, N=4, dropout=0.01, pe=True, mask=True, reslut_figure_path='result_figure', filename='brain4cars', logdir='runs/', kfolder_path='D:/ML/Code_project/brain4cars_video/brain4cars_pipeline/temp_data/', kfolder_filename='brain4cars_train_dataset_mediapipe_random5.pik', test_interval=1, draw_key=1, random_seed=1399, bath_size=32)
Namespace(train_path='./brain4cars_pipeline/temp_data/folder5/brain4cars_train_dataset_mediapipe_random4.json', test_path='./brain4cars_pipeline/temp_data/folder5/brain4cars_valid_dataset_mediapipe_random4.json', epochs=150, batch_size=32, lr=1.1764721001548017e-05, optimizer='Adagrad', device='0', model='ConvTran', d_model=32, d_hidden=1024, q=8, v=8, h=8, N=4, dropout=0.01, pe=True, mask=True, reslut_figure_path='result_figure', filename='brain4cars', logdir='runs/', kfolder_path='D:/ML/Code_project/brain4cars_video/brain4cars_pipeline/temp_data/', kfolder_filename='brain4cars_train_dataset_mediapipe_random5.pik', test_interval=1, draw_key=1, random_seed=1376, bath_size=32)
Namespace(train_path='./brain4cars_pipeline/temp_data/folder5/brain4cars_train_dataset_mediapipe_random4.json', test_path='./brain4cars_pipeline/temp_data/folder5/brain4cars_valid_dataset_mediapipe_random4.json', epochs=150, batch_size=32, lr=1.0797207503839967e-05, optimizer='Adagrad', device='0', model='ConvTran', d_model=32, d_hidden=1024, q=8, v=8, h=8, N=4, dropout=0.01, pe=True, mask=True, reslut_figure_path='result_figure', filename='brain4cars', logdir='runs/', kfolder_path='D:/ML/Code_project/brain4cars_video/brain4cars_pipeline/temp_data/', kfolder_filename='brain4cars_train_dataset_mediapipe_random5.pik', test_interval=1, draw_key=1, random_seed=1392, bath_size=32)
Namespace(train_path='./brain4cars_pipeline/temp_data/folder5/brain4cars_train_dataset_mediapipe_random4.json', test_path='./brain4cars_pipeline/temp_data/folder5/brain4cars_valid_dataset_mediapipe_random4.json', epochs=150, batch_size=32, lr=1.3687421632275453e-05, optimizer='Adagrad', device='0', model='ConvTran', d_model=32, d_hidden=1024, q=8, v=8, h=8, N=4, dropout=0.01, pe=True, mask=True, reslut_figure_path='result_figure', filename='brain4cars', logdir='runs/', kfolder_path='D:/ML/Code_project/brain4cars_video/brain4cars_pipeline/temp_data/', kfolder_filename='brain4cars_train_dataset_mediapipe_random5.pik', test_interval=1, draw_key=1, random_seed=1331, bath_size=32)
F1 = 0.7253715651229475 0.06033684464832395
Namespace(train_path='./brain4cars_pipeline/temp_data/folder5/brain4cars_train_dataset_mediapipe_random4.json', test_path='./brain4cars_pipeline/temp_data/folder5/brain4cars_valid_dataset_mediapipe_random4.json', epochs=150, batch_size=32, lr=0.0008954356554652344, optimizer='Adagrad', device='0', model='ConvTran', d_model=32, d_hidden=1024, q=8, v=8, h=8, N=4, dropout=0.003, pe=True, mask=True, reslut_figure_path='result_figure', filename='brain4cars', logdir='runs/', kfolder_path='D:/ML/Code_project/brain4cars_video/brain4cars_pipeline/temp_data/', kfolder_filename='brain4cars_train_dataset_mediapipe_random5.pik', test_interval=1, draw_key=1, random_seed=1935, bath_size=32)
F1 = 0.9031178346037692 0.01777215184763103
Namespace(train_path='./brain4cars_pipeline/temp_data/folder5/brain4cars_train_dataset_mediapipe_random4.json', test_path='./brain4cars_pipeline/temp_data/folder5/brain4cars_valid_dataset_mediapipe_random4.json', epochs=150, batch_size=32, lr=0.002025612431456975, optimizer='Adagrad', device='0', model='ConvTran', d_model=32, d_hidden=1024, q=8, v=8, h=8, N=4, dropout=0.004, pe=True, mask=True, reslut_figure_path='result_figure', filename='brain4cars', logdir='runs/', kfolder_path='D:/ML/Code_project/brain4cars_video/brain4cars_pipeline/temp_data/', kfolder_filename='brain4cars_train_dataset_mediapipe_random5.pik', test_interval=1, draw_key=1, random_seed=1414, bath_size=32)
F1 = 0.87927758865897 0.016591817106172028
Namespace(train_path='./brain4cars_pipeline/temp_data/folder5/brain4cars_train_dataset_mediapipe_random4.json', test_path='./brain4cars_pipeline/temp_data/folder5/brain4cars_valid_dataset_mediapipe_random4.json', epochs=150, batch_size=32, lr=0.0002579535547914649, optimizer='Adagrad', device='0', model='ConvTran', d_model=32, d_hidden=1024, q=8, v=8, h=8, N=4, dropout=0.008, pe=True, mask=True, reslut_figure_path='result_figure', filename='brain4cars', logdir='runs/', kfolder_path='D:/ML/Code_project/brain4cars_video/brain4cars_pipeline/temp_data/', kfolder_filename='brain4cars_train_dataset_mediapipe_random5.pik', test_interval=1, draw_key=1, random_seed=1978, bath_size=32)
F1 = 0.8878386265940978 0.011718541048465503
Namespace(train_path='./brain4cars_pipeline/temp_data/folder5/brain4cars_train_dataset_mediapipe_random4.json', test_path='./brain4cars_pipeline/temp_data/folder5/brain4cars_valid_dataset_mediapipe_random4.json', epochs=150, batch_size=32, lr=0.0015016159999048557, optimizer='Adagrad', device='0', model='ConvTran', d_model=64, d_hidden=1024, q=8, v=8, h=8, N=4, dropout=0.004, pe=True, mask=True, reslut_figure_path='result_figure', filename='brain4cars', logdir='runs/', kfolder_path='D:/ML/Code_project/brain4cars_video/brain4cars_pipeline/temp_data/', kfolder_filename='brain4cars_train_dataset_mediapipe_random5.pik', test_interval=1, draw_key=1, random_seed=1527, bath_size=32)
F1 = 0.8867760799196501 0.009035779382446542
Namespace(train_path='./brain4cars_pipeline/temp_data/folder5/brain4cars_train_dataset_mediapipe_random4.json', test_path='./brain4cars_pipeline/temp_data/folder5/brain4cars_valid_dataset_mediapipe_random4.json', epochs=150, batch_size=32, lr=0.0001070163572875561, optimizer='Adagrad', device='0', model='ConvTran', d_model=32, d_hidden=1024, q=8, v=8, h=8, N=4, dropout=0.001, pe=True, mask=True, reslut_figure_path='result_figure', filename='brain4cars', logdir='runs/', kfolder_path='D:/ML/Code_project/brain4cars_video/brain4cars_pipeline/temp_data/', kfolder_filename='brain4cars_train_dataset_mediapipe_random5.pik', test_interval=1, draw_key=1, random_seed=1056, bath_size=32)
F1 = 0.887186004432969 0.02480469184521369
Namespace(train_path='./brain4cars_pipeline/temp_data/folder5/brain4cars_train_dataset_mediapipe_random4.json', test_path='./brain4cars_pipeline/temp_data/folder5/brain4cars_valid_dataset_mediapipe_random4.json', epochs=150, batch_size=32, lr=0.000423971433868938, optimizer='Adagrad', device='0', model='ConvTran', d_model=32, d_hidden=1024, q=8, v=8, h=8, N=4, dropout=0.003, pe=True, mask=True, reslut_figure_path='result_figure', filename='brain4cars', logdir='runs/', kfolder_path='D:/ML/Code_project/brain4cars_video/brain4cars_pipeline/temp_data/', kfolder_filename='brain4cars_train_dataset_mediapipe_random5.pik', test_interval=1, draw_key=1, random_seed=1715, bath_size=16)
F1 = 0.8874017378658449 0.020833840356491717
Namespace(train_path='./brain4cars_pipeline/temp_data/folder5/brain4cars_train_dataset_mediapipe_random4.json', test_path='./brain4cars_pipeline/temp_data/folder5/brain4cars_valid_dataset_mediapipe_random4.json', epochs=150, batch_size=32, lr=0.008382232278554065, optimizer='Adagrad', device='0', model='ConvTran', d_model=32, d_hidden=1024, q=8, v=8, h=8, N=4, dropout=0.008, pe=True, mask=True, reslut_figure_path='result_figure', filename='brain4cars', logdir='runs/', kfolder_path='D:/ML/Code_project/brain4cars_video/brain4cars_pipeline/temp_data/', kfolder_filename='brain4cars_train_dataset_mediapipe_random5.pik', test_interval=1, draw_key=1, random_seed=1062, bath_size=32)
F1 = 0.8785468562330264 0.024436967293317888
Namespace(train_path='./brain4cars_pipeline/temp_data/folder5/brain4cars_train_dataset_mediapipe_random4.json', test_path='./brain4cars_pipeline/temp_data/folder5/brain4cars_valid_dataset_mediapipe_random4.json', epochs=150, batch_size=32, lr=0.0013086917156700437, optimizer='Adagrad', device='0', model='ConvTran', d_model=64, d_hidden=1024, q=8, v=8, h=8, N=4, dropout=0.009000000000000001, pe=True, mask=True, reslut_figure_path='result_figure', filename='brain4cars', logdir='runs/', kfolder_path='D:/ML/Code_project/brain4cars_video/brain4cars_pipeline/temp_data/', kfolder_filename='brain4cars_train_dataset_mediapipe_random5.pik', test_interval=1, draw_key=1, random_seed=1731, bath_size=32)
F1 = 0.8727184155027006 0.016838143344925248
Namespace(train_path='./brain4cars_pipeline/temp_data/folder5/brain4cars_train_dataset_mediapipe_random4.json', test_path='./brain4cars_pipeline/temp_data/folder5/brain4cars_valid_dataset_mediapipe_random4.json', epochs=150, batch_size=32, lr=0.0001481638748540352, optimizer='Adagrad', device='0', model='ConvTran', d_model=16, d_hidden=1024, q=8, v=8, h=8, N=4, dropout=0.005, pe=True, mask=True, reslut_figure_path='result_figure', filename='brain4cars', logdir='runs/', kfolder_path='D:/ML/Code_project/brain4cars_video/brain4cars_pipeline/temp_data/', kfolder_filename='brain4cars_train_dataset_mediapipe_random5.pik', test_interval=1, draw_key=1, random_seed=1191, bath_size=16)
F1 = 0.8615510221026522 0.03385463647446501
Namespace(train_path='./brain4cars_pipeline/temp_data/folder5/brain4cars_train_dataset_mediapipe_random4.json', test_path='./brain4cars_pipeline/temp_data/folder5/brain4cars_valid_dataset_mediapipe_random4.json', epochs=150, batch_size=32, lr=0.004365326676534499, optimizer='Adagrad', device='0', model='ConvTran', d_model=32, d_hidden=1024, q=8, v=8, h=8, N=4, dropout=0.003, pe=True, mask=True, reslut_figure_path='result_figure', filename='brain4cars', logdir='runs/', kfolder_path='D:/ML/Code_project/brain4cars_video/brain4cars_pipeline/temp_data/', kfolder_filename='brain4cars_train_dataset_mediapipe_random5.pik', test_interval=1, draw_key=1, random_seed=1587, bath_size=32)
F1 = 0.8855192376027725 0.014818148445306566
Namespace(train_path='./brain4cars_pipeline/temp_data/folder5/brain4cars_train_dataset_mediapipe_random4.json', test_path='./brain4cars_pipeline/temp_data/folder5/brain4cars_valid_dataset_mediapipe_random4.json', epochs=150, batch_size=32, lr=0.000851560480487211, optimizer='Adagrad', device='0', model='ConvTran', d_model=32, d_hidden=1024, q=8, v=8, h=8, N=4, dropout=0.003, pe=True, mask=True, reslut_figure_path='result_figure', filename='brain4cars', logdir='runs/', kfolder_path='D:/ML/Code_project/brain4cars_video/brain4cars_pipeline/temp_data/', kfolder_filename='brain4cars_train_dataset_mediapipe_random5.pik', test_interval=1, draw_key=1, random_seed=1984, bath_size=32)
F1 = 0.8936296569067006 0.016246305371951802
Namespace(train_path='./brain4cars_pipeline/temp_data/folder5/brain4cars_train_dataset_mediapipe_random4.json', test_path='./brain4cars_pipeline/temp_data/folder5/brain4cars_valid_dataset_mediapipe_random4.json', epochs=150, batch_size=32, lr=0.0004887213587637175, optimizer='Adagrad', device='0', model='ConvTran', d_model=32, d_hidden=1024, q=8, v=8, h=8, N=4, dropout=0.002, pe=True, mask=True, reslut_figure_path='result_figure', filename='brain4cars', logdir='runs/', kfolder_path='D:/ML/Code_project/brain4cars_video/brain4cars_pipeline/temp_data/', kfolder_filename='brain4cars_train_dataset_mediapipe_random5.pik', test_interval=1, draw_key=1, random_seed=1993, bath_size=32)
F1 = 0.8824181618886626 0.01578720239667928
Namespace(train_path='./brain4cars_pipeline/temp_data/folder5/brain4cars_train_dataset_mediapipe_random4.json', test_path='./brain4cars_pipeline/temp_data/folder5/brain4cars_valid_dataset_mediapipe_random4.json', epochs=150, batch_size=32, lr=0.0017339781975786567, optimizer='Adagrad', device='0', model='ConvTran', d_model=32, d_hidden=1024, q=8, v=8, h=8, N=4, dropout=0.004, pe=True, mask=True, reslut_figure_path='result_figure', filename='brain4cars', logdir='runs/', kfolder_path='D:/ML/Code_project/brain4cars_video/brain4cars_pipeline/temp_data/', kfolder_filename='brain4cars_train_dataset_mediapipe_random5.pik', test_interval=1, draw_key=1, random_seed=1817, bath_size=32)
F1 = 0.8933529323634879 0.02770479064970537
Namespace(train_path='./brain4cars_pipeline/temp_data/folder5/brain4cars_train_dataset_mediapipe_random4.json', test_path='./brain4cars_pipeline/temp_data/folder5/brain4cars_valid_dataset_mediapipe_random4.json', epochs=150, batch_size=32, lr=0.0009809656370105525, optimizer='Adagrad', device='0', model='ConvTran', d_model=32, d_hidden=1024, q=8, v=8, h=8, N=4, dropout=0.002, pe=True, mask=True, reslut_figure_path='result_figure', filename='brain4cars', logdir='runs/', kfolder_path='D:/ML/Code_project/brain4cars_video/brain4cars_pipeline/temp_data/', kfolder_filename='brain4cars_train_dataset_mediapipe_random5.pik', test_interval=1, draw_key=1, random_seed=1568, bath_size=32)
F1 = 0.8847300299392085 0.02541009122009121
Namespace(train_path='./brain4cars_pipeline/temp_data/folder5/brain4cars_train_dataset_mediapipe_random4.json', test_path='./brain4cars_pipeline/temp_data/folder5/brain4cars_valid_dataset_mediapipe_random4.json', epochs=150, batch_size=32, lr=0.0027205809988263946, optimizer='Adagrad', device='0', model='ConvTran', d_model=32, d_hidden=1024, q=8, v=8, h=8, N=4, dropout=0.007, pe=True, mask=True, reslut_figure_path='result_figure', filename='brain4cars', logdir='runs/', kfolder_path='D:/ML/Code_project/brain4cars_video/brain4cars_pipeline/temp_data/', kfolder_filename='brain4cars_train_dataset_mediapipe_random5.pik', test_interval=1, draw_key=1, random_seed=1847, bath_size=32)
F1 = 0.895614597582522 0.01520145094795365
Namespace(train_path='./brain4cars_pipeline/temp_data/folder5/brain4cars_train_dataset_mediapipe_random4.json', test_path='./brain4cars_pipeline/temp_data/folder5/brain4cars_valid_dataset_mediapipe_random4.json', epochs=150, batch_size=32, lr=0.003014746335960356, optimizer='Adagrad', device='0', model='ConvTran', d_model=64, d_hidden=1024, q=8, v=8, h=8, N=4, dropout=0.007, pe=True, mask=True, reslut_figure_path='result_figure', filename='brain4cars', logdir='runs/', kfolder_path='D:/ML/Code_project/brain4cars_video/brain4cars_pipeline/temp_data/', kfolder_filename='brain4cars_train_dataset_mediapipe_random5.pik', test_interval=1, draw_key=1, random_seed=877, bath_size=32)
F1 = 0.894317923163424 0.014530926337788764
Namespace(train_path='./brain4cars_pipeline/temp_data/folder5/brain4cars_train_dataset_mediapipe_random4.json', test_path='./brain4cars_pipeline/temp_data/folder5/brain4cars_valid_dataset_mediapipe_random4.json', epochs=150, batch_size=32, lr=0.006052984235492137, optimizer='Adagrad', device='0', model='ConvTran', d_model=16, d_hidden=1024, q=8, v=8, h=8, N=4, dropout=0.009000000000000001, pe=True, mask=True, reslut_figure_path='result_figure', filename='brain4cars', logdir='runs/', kfolder_path='D:/ML/Code_project/brain4cars_video/brain4cars_pipeline/temp_data/', kfolder_filename='brain4cars_train_dataset_mediapipe_random5.pik', test_interval=1, draw_key=1, random_seed=1822, bath_size=16)
F1 = 0.8929547437013777 0.01450567314313414
Namespace(train_path='./brain4cars_pipeline/temp_data/folder5/brain4cars_train_dataset_mediapipe_random4.json', test_path='./brain4cars_pipeline/temp_data/folder5/brain4cars_valid_dataset_mediapipe_random4.json', epochs=150, batch_size=32, lr=0.0022660570084905777, optimizer='Adagrad', device='0', model='ConvTran', d_model=32, d_hidden=1024, q=8, v=8, h=8, N=4, dropout=0.007, pe=True, mask=True, reslut_figure_path='result_figure', filename='brain4cars', logdir='runs/', kfolder_path='D:/ML/Code_project/brain4cars_video/brain4cars_pipeline/temp_data/', kfolder_filename='brain4cars_train_dataset_mediapipe_random5.pik', test_interval=1, draw_key=1, random_seed=1426, bath_size=64)
