Namespace(N=4, batch_size=32, d_hidden=1024, d_model=512, device='0', draw_key=1, dropout=0.1, epochs=150, filename='brain4cars', h=4, k_folder_path='./brain4cars_pipeline/temp_data/', logdir='runs/', lr=0.00017358693285391162, mask=True, optimizer='Adagrad', pe=True, q=8, random_seed=16, reslut_figure_path='result_figure', test_interval=5, test_path='./brain4cars_pipeline/temp_data/folder5/brain4cars_valid_dataset_random.json', train_path='./brain4cars_pipeline/temp_data/folder5/brain4cars_train_dataset_random.json', v=8)
use DEVICE cuda:0
data structure: [lines, timesteps, features]
train data size: [(403, 150, 16)]
mytest data size: [(103, 150, 16)]
Number of classes: 6
Epoch:1:		loss:1.7886852025985718
Epoch:1:		loss:1.63898503780365
Epoch:1:		loss:1.3570607900619507
Epoch:1:		loss:1.2767679691314697
Epoch:1:		loss:1.3904290199279785
Epoch:1:		loss:1.167372703552246
Epoch:1:		loss:1.212481141090393
Epoch:1:		loss:1.2336229085922241
Epoch:1:		loss:1.1264050006866455
Epoch:1:		loss:1.0666240453720093
Epoch:1:		loss:0.9745004773139954
Epoch:1:		loss:1.0522886514663696
Epoch:1:		loss:0.9275004267692566
Epoch:2:		loss:0.7894037365913391
Epoch:2:		loss:0.8553356528282166
Epoch:2:		loss:0.7941824793815613
Epoch:2:		loss:1.0434550046920776
Epoch:2:		loss:0.7916334271430969
Epoch:2:		loss:0.7395267486572266
Epoch:2:		loss:0.7207090854644775
Epoch:2:		loss:0.8355920910835266
Epoch:2:		loss:0.908062756061554
Epoch:2:		loss:0.7609696388244629
Epoch:2:		loss:0.5766651034355164
Epoch:2:		loss:0.9120575785636902
Epoch:2:		loss:0.6484588384628296
Epoch:3:		loss:0.5743823647499084
Epoch:3:		loss:0.615051805973053
Epoch:3:		loss:0.5783211588859558
Epoch:3:		loss:0.7181587219238281
Epoch:3:		loss:0.4784482419490814
Epoch:3:		loss:0.6925625205039978
Epoch:3:		loss:0.6354050040245056
Epoch:3:		loss:0.596916139125824
Epoch:3:		loss:0.7176384925842285
Epoch:3:		loss:0.5452958941459656
Epoch:3:		loss:0.5942054986953735
Epoch:3:		loss:0.7738733291625977
Epoch:3:		loss:0.5634990930557251
Epoch:4:		loss:0.6205859780311584
Epoch:4:		loss:0.5881021022796631
Epoch:4:		loss:0.5402621030807495
Epoch:4:		loss:0.4592965543270111
Epoch:4:		loss:0.5157157182693481
Epoch:4:		loss:0.4500274658203125
Epoch:4:		loss:0.4896644353866577
Epoch:4:		loss:0.5382729172706604
Epoch:4:		loss:0.5481899380683899
Epoch:4:		loss:0.5624292492866516
Epoch:4:		loss:0.5586984753608704
Epoch:4:		loss:0.4649845063686371
Epoch:4:		loss:0.6030889749526978
Epoch:5:		loss:0.5155447125434875
Epoch:5:		loss:0.31449565291404724
Epoch:5:		loss:0.6084378957748413
Epoch:5:		loss:0.5226806998252869
Epoch:5:		loss:0.4435158967971802
Epoch:5:		loss:0.4329582154750824
Epoch:5:		loss:0.3799823820590973
Epoch:5:		loss:0.48399314284324646
Epoch:5:		loss:0.41428089141845703
Epoch:5:		loss:0.417961984872818
Epoch:5:		loss:0.6603599190711975
Epoch:5:		loss:0.49674364924430847
Epoch:5:		loss:0.4144718647003174
All maneuver Precision on test_set: 77.03 %
Lane changing maneuver Precision on test_set: 78.10 %
Turn maneuver Precision on test_set: 75.96 %
Anticipation time on test_set: 4.75 
All maneuver Precision on train_set: 92.93 %
Lane changing maneuver Precision on train_set: 93.70 %
Turn maneuver Precision on train_set: 92.15 %
Anticipation time on train_set: 4.71 
当前最大准确率	测试集:77.03%	 训练集:92.93%, 学习率：0.00017358693285391162
Epoch:6:		loss:0.41996824741363525
Epoch:6:		loss:0.40469327569007874
Epoch:6:		loss:0.4483477771282196
Epoch:6:		loss:0.4517064094543457
Epoch:6:		loss:0.38068899512290955
Epoch:6:		loss:0.3458530604839325
Epoch:6:		loss:0.4544626772403717
Epoch:6:		loss:0.39946508407592773
Epoch:6:		loss:0.40529218316078186
Epoch:6:		loss:0.415746808052063
Epoch:6:		loss:0.44992661476135254
Epoch:6:		loss:0.532660961151123
Epoch:6:		loss:0.415991872549057
Epoch:7:		loss:0.35599085688591003
Epoch:7:		loss:0.38940176367759705
Epoch:7:		loss:0.41182589530944824
Epoch:7:		loss:0.41811051964759827
Epoch:7:		loss:0.43719348311424255
Epoch:7:		loss:0.42910853028297424
Epoch:7:		loss:0.3668687343597412
Epoch:7:		loss:0.33859026432037354
Epoch:7:		loss:0.4536476135253906
Epoch:7:		loss:0.4577508270740509
Epoch:7:		loss:0.3390471041202545
Epoch:7:		loss:0.3549692928791046
Epoch:7:		loss:0.27651530504226685
Epoch:8:		loss:0.3614513874053955
Epoch:8:		loss:0.3793126046657562
Epoch:8:		loss:0.33601024746894836
Epoch:8:		loss:0.3822815418243408
Epoch:8:		loss:0.3857552707195282
Epoch:8:		loss:0.26192644238471985
Epoch:8:		loss:0.3135942220687866
Epoch:8:		loss:0.36012211441993713
Epoch:8:		loss:0.2897307872772217
Epoch:8:		loss:0.38900378346443176
Epoch:8:		loss:0.37903067469596863
Epoch:8:		loss:0.27798929810523987
Epoch:8:		loss:0.6490145325660706
Epoch:9:		loss:0.37564507126808167
Epoch:9:		loss:0.2433222085237503
Epoch:9:		loss:0.34015321731567383
Epoch:9:		loss:0.3397693932056427
Epoch:9:		loss:0.29950007796287537
Epoch:9:		loss:0.3325856029987335
Epoch:9:		loss:0.3801514804363251
Epoch:9:		loss:0.2717374265193939
Epoch:9:		loss:0.3555102050304413
Epoch:9:		loss:0.29756078124046326
Epoch:9:		loss:0.4362870752811432
Epoch:9:		loss:0.33964553475379944
Epoch:9:		loss:0.22609736025333405
Epoch:10:		loss:0.3279772698879242
Epoch:10:		loss:0.2637055814266205
Epoch:10:		loss:0.32128092646598816
Epoch:10:		loss:0.24011291563510895
Epoch:10:		loss:0.4141855239868164
Epoch:10:		loss:0.30638524889945984
Epoch:10:		loss:0.29847320914268494
Epoch:10:		loss:0.3022092878818512
Epoch:10:		loss:0.2973072826862335
Epoch:10:		loss:0.25613775849342346
Epoch:10:		loss:0.21744640171527863
Epoch:10:		loss:0.3004627823829651
Epoch:10:		loss:0.5287839770317078
All maneuver Precision on test_set: 79.61 %
Lane changing maneuver Precision on test_set: 82.44 %
Turn maneuver Precision on test_set: 76.79 %
Anticipation time on test_set: 4.81 
All maneuver Precision on train_set: 96.50 %
Lane changing maneuver Precision on train_set: 96.40 %
Turn maneuver Precision on train_set: 96.59 %
Anticipation time on train_set: 4.75 
当前最大准确率	测试集:79.61%	 训练集:96.5%, 学习率：0.00017358693285391162
Epoch:11:		loss:0.311976820230484
Epoch:11:		loss:0.24420000612735748
Epoch:11:		loss:0.13832296431064606
Epoch:11:		loss:0.34349653124809265
Epoch:11:		loss:0.2485400289297104
Epoch:11:		loss:0.34688127040863037
Epoch:11:		loss:0.2645648419857025
Epoch:11:		loss:0.28970983624458313
Epoch:11:		loss:0.1948462277650833
Epoch:11:		loss:0.3440486192703247
Epoch:11:		loss:0.3676476776599884
Epoch:11:		loss:0.30794283747673035
Epoch:11:		loss:0.3811275064945221
Epoch:12:		loss:0.18960995972156525
Epoch:12:		loss:0.23812323808670044
Epoch:12:		loss:0.21842198073863983
Epoch:12:		loss:0.36439216136932373
Epoch:12:		loss:0.2279062122106552
Epoch:12:		loss:0.32733339071273804
Epoch:12:		loss:0.3511120080947876
Epoch:12:		loss:0.3053773045539856
Epoch:12:		loss:0.21801640093326569
Epoch:12:		loss:0.23578466475009918
Epoch:12:		loss:0.21955692768096924
Epoch:12:		loss:0.31727829575538635
Epoch:12:		loss:0.3286820352077484
Epoch:13:		loss:0.2395697832107544
Epoch:13:		loss:0.24278034269809723
Epoch:13:		loss:0.29304543137550354
Epoch:13:		loss:0.19672153890132904
Epoch:13:		loss:0.13954013586044312
Epoch:13:		loss:0.22604884207248688
Epoch:13:		loss:0.23927897214889526
Epoch:13:		loss:0.3233126997947693
Epoch:13:		loss:0.3029730021953583
Epoch:13:		loss:0.23072753846645355
Epoch:13:		loss:0.2781509459018707
Epoch:13:		loss:0.27525773644447327
Epoch:13:		loss:0.32321038842201233
Epoch:14:		loss:0.20984625816345215
Epoch:14:		loss:0.23803000152111053
Epoch:14:		loss:0.1723935455083847
Epoch:14:		loss:0.20392054319381714
Epoch:14:		loss:0.24378623068332672
Epoch:14:		loss:0.23743386566638947
Epoch:14:		loss:0.2297389656305313
Epoch:14:		loss:0.23253707587718964
Epoch:14:		loss:0.2720366418361664
Epoch:14:		loss:0.21001864969730377
Epoch:14:		loss:0.2210192233324051
Epoch:14:		loss:0.3469090461730957
Epoch:14:		loss:0.2610245943069458
Epoch:15:		loss:0.2068568915128708
Epoch:15:		loss:0.15605603158473969
Epoch:15:		loss:0.18789894878864288
Epoch:15:		loss:0.2817409336566925
Epoch:15:		loss:0.1911274641752243
Epoch:15:		loss:0.23349161446094513
Epoch:15:		loss:0.22960782051086426
Epoch:15:		loss:0.22802422940731049
Epoch:15:		loss:0.32559284567832947
Epoch:15:		loss:0.21311481297016144
Epoch:15:		loss:0.17972123622894287
Epoch:15:		loss:0.2403283715248108
Epoch:15:		loss:0.23475828766822815
All maneuver Precision on test_set: 79.88 %
Lane changing maneuver Precision on test_set: 81.30 %
Turn maneuver Precision on test_set: 78.46 %
Anticipation time on test_set: 4.79 
All maneuver Precision on train_set: 98.08 %
Lane changing maneuver Precision on train_set: 97.35 %
Turn maneuver Precision on train_set: 98.81 %
Anticipation time on train_set: 4.73 
当前最大准确率	测试集:79.88%	 训练集:98.08%, 学习率：0.00017358693285391162
Epoch:16:		loss:0.25521236658096313
Epoch:16:		loss:0.1574348360300064
Epoch:16:		loss:0.22185133397579193
Epoch:16:		loss:0.13520941138267517
Epoch:16:		loss:0.2638702392578125
Epoch:16:		loss:0.21118654310703278
Epoch:16:		loss:0.22934849560260773
Epoch:16:		loss:0.16944795846939087
Epoch:16:		loss:0.2170058935880661
Epoch:16:		loss:0.2100248485803604
Epoch:16:		loss:0.27853745222091675
Epoch:16:		loss:0.21319955587387085
Epoch:16:		loss:0.2306264191865921
Epoch:17:		loss:0.20262841880321503
Epoch:17:		loss:0.16577360033988953
Epoch:17:		loss:0.1871701031923294
Epoch:17:		loss:0.128622367978096
Epoch:17:		loss:0.1840982586145401
Epoch:17:		loss:0.16836386919021606
Epoch:17:		loss:0.2581663727760315
Epoch:17:		loss:0.25301042199134827
Epoch:17:		loss:0.27182602882385254
Epoch:17:		loss:0.2028411626815796
Epoch:17:		loss:0.19393442571163177
Epoch:17:		loss:0.16413086652755737
Epoch:17:		loss:0.22448068857192993
Epoch:18:		loss:0.17424136400222778
Epoch:18:		loss:0.14816589653491974
Epoch:18:		loss:0.16645491123199463
Epoch:18:		loss:0.2530865967273712
Epoch:18:		loss:0.1687619835138321
Epoch:18:		loss:0.12038738280534744
Epoch:18:		loss:0.21200507879257202
Epoch:18:		loss:0.23073750734329224
Epoch:18:		loss:0.2278229147195816
Epoch:18:		loss:0.16916389763355255
Epoch:18:		loss:0.23523664474487305
Epoch:18:		loss:0.17547576129436493
Epoch:18:		loss:0.14551956951618195
Epoch:19:		loss:0.211079940199852
Epoch:19:		loss:0.1273483783006668
Epoch:19:		loss:0.12935766577720642
Epoch:19:		loss:0.22656963765621185
Epoch:19:		loss:0.14555896818637848
Epoch:19:		loss:0.1863304227590561
Epoch:19:		loss:0.23240722715854645
Epoch:19:		loss:0.2000643014907837
Epoch:19:		loss:0.1452692598104477
Epoch:19:		loss:0.13846959173679352
Epoch:19:		loss:0.17386162281036377
Epoch:19:		loss:0.1886594444513321
Epoch:19:		loss:0.2583394944667816
Epoch:20:		loss:0.16969792544841766
Epoch:20:		loss:0.1654495745897293
Epoch:20:		loss:0.17036359012126923
Epoch:20:		loss:0.13108904659748077
Epoch:20:		loss:0.18429727852344513
Epoch:20:		loss:0.13009002804756165
Epoch:20:		loss:0.16293729841709137
Epoch:20:		loss:0.2167515903711319
Epoch:20:		loss:0.1620323210954666
Epoch:20:		loss:0.18135590851306915
Epoch:20:		loss:0.18218182027339935
Epoch:20:		loss:0.16489987075328827
Epoch:20:		loss:0.28380492329597473
All maneuver Precision on test_set: 81.71 %
Lane changing maneuver Precision on test_set: 84.13 %
Turn maneuver Precision on test_set: 79.29 %
Anticipation time on test_set: 4.88 
All maneuver Precision on train_set: 97.47 %
Lane changing maneuver Precision on train_set: 96.12 %
Turn maneuver Precision on train_set: 98.81 %
Anticipation time on train_set: 4.73 
当前最大准确率	测试集:81.71%	 训练集:98.08%, 学习率：0.00017358693285391162
Epoch:21:		loss:0.17651797831058502
Epoch:21:		loss:0.13425599038600922
Epoch:21:		loss:0.16083769500255585
Epoch:21:		loss:0.14230017364025116
Epoch:21:		loss:0.18858997523784637
Epoch:21:		loss:0.14219783246517181
Epoch:21:		loss:0.1627432405948639
Epoch:21:		loss:0.1625194102525711
Epoch:21:		loss:0.23434597253799438
Epoch:21:		loss:0.12726007401943207
Epoch:21:		loss:0.13514724373817444
Epoch:21:		loss:0.17236675322055817
Epoch:21:		loss:0.19586198031902313
Epoch:22:		loss:0.13425005972385406
Epoch:22:		loss:0.16479630768299103
Epoch:22:		loss:0.17889858782291412
Epoch:22:		loss:0.16334380209445953
Epoch:22:		loss:0.18812064826488495
Epoch:22:		loss:0.17426572740077972
Epoch:22:		loss:0.16256321966648102
Epoch:22:		loss:0.16812950372695923
Epoch:22:		loss:0.1242770329117775
Epoch:22:		loss:0.1093473806977272
Epoch:22:		loss:0.11119073629379272
Epoch:22:		loss:0.19511689245700836
Epoch:22:		loss:0.12236502766609192
Epoch:23:		loss:0.12887831032276154
Epoch:23:		loss:0.1333635151386261
Epoch:23:		loss:0.11345028132200241
Epoch:23:		loss:0.13139981031417847
Epoch:23:		loss:0.15295003354549408
Epoch:23:		loss:0.17521947622299194
Epoch:23:		loss:0.14009597897529602
Epoch:23:		loss:0.18125326931476593
Epoch:23:		loss:0.13014207780361176
Epoch:23:		loss:0.12207933515310287
Epoch:23:		loss:0.1407846361398697
Epoch:23:		loss:0.18478620052337646
Epoch:23:		loss:0.16003026068210602
Epoch:24:		loss:0.12037333101034164
Epoch:24:		loss:0.15235699713230133
Epoch:24:		loss:0.0954526737332344
Epoch:24:		loss:0.14373116195201874
Epoch:24:		loss:0.14613337814807892
Epoch:24:		loss:0.18957281112670898
Epoch:24:		loss:0.07778993993997574
Epoch:24:		loss:0.13106267154216766
Epoch:24:		loss:0.13972659409046173
Epoch:24:		loss:0.18722693622112274
Epoch:24:		loss:0.09156549721956253
Epoch:24:		loss:0.19615255296230316
Epoch:24:		loss:0.11341287195682526
Epoch:25:		loss:0.11920666694641113
Epoch:25:		loss:0.11330137401819229
Epoch:25:		loss:0.14471180737018585
Epoch:25:		loss:0.1588096171617508
Epoch:25:		loss:0.11096753925085068
Epoch:25:		loss:0.1197672113776207
Epoch:25:		loss:0.10393423587083817
Epoch:25:		loss:0.15994754433631897
Epoch:25:		loss:0.14782050251960754
Epoch:25:		loss:0.10611542314291
Epoch:25:		loss:0.12833447754383087
Epoch:25:		loss:0.15748341381549835
Epoch:25:		loss:0.08422145247459412
All maneuver Precision on test_set: 82.66 %
Lane changing maneuver Precision on test_set: 86.04 %
Turn maneuver Precision on test_set: 79.29 %
Anticipation time on test_set: 4.79 
All maneuver Precision on train_set: 99.34 %
Lane changing maneuver Precision on train_set: 98.69 %
Turn maneuver Precision on train_set: 100.00 %
Anticipation time on train_set: 4.73 
当前最大准确率	测试集:82.66%	 训练集:99.34%, 学习率：0.00017358693285391162
Epoch:26:		loss:0.12028297781944275
Epoch:26:		loss:0.08905089646577835
Epoch:26:		loss:0.1450776308774948
Epoch:26:		loss:0.11766654998064041
Epoch:26:		loss:0.10286104679107666
Epoch:26:		loss:0.106068916618824
Epoch:26:		loss:0.13984782993793488
Epoch:26:		loss:0.11995799094438553
Epoch:26:		loss:0.10487277060747147
Epoch:26:		loss:0.13804270327091217
Epoch:26:		loss:0.1299932301044464
Epoch:26:		loss:0.12283460050821304
Epoch:26:		loss:0.1795017123222351
Epoch:27:		loss:0.12756232917308807
Epoch:27:		loss:0.10703440755605698
Epoch:27:		loss:0.12209538370370865
Epoch:27:		loss:0.1388627141714096
Epoch:27:		loss:0.12280821055173874
Epoch:27:		loss:0.13855601847171783
Epoch:27:		loss:0.07569599896669388
Epoch:27:		loss:0.13012753427028656
Epoch:27:		loss:0.12821786105632782
Epoch:27:		loss:0.0986589789390564
Epoch:27:		loss:0.17085164785385132
Epoch:27:		loss:0.08740673214197159
Epoch:27:		loss:0.07068376988172531
Epoch:28:		loss:0.15883031487464905
Epoch:28:		loss:0.12540002167224884
Epoch:28:		loss:0.10616538673639297
Epoch:28:		loss:0.08311087638139725
Epoch:28:		loss:0.06891060620546341
Epoch:28:		loss:0.13035792112350464
Epoch:28:		loss:0.10201955586671829
Epoch:28:		loss:0.0961020290851593
Epoch:28:		loss:0.1133105531334877
Epoch:28:		loss:0.1032889261841774
Epoch:28:		loss:0.1104869470000267
Epoch:28:		loss:0.13570886850357056
Epoch:28:		loss:0.103807233273983
Epoch:29:		loss:0.09817645698785782
Epoch:29:		loss:0.13240176439285278
Epoch:29:		loss:0.09674441814422607
Epoch:29:		loss:0.1022535040974617
Epoch:29:		loss:0.11372504383325577
Epoch:29:		loss:0.12466946244239807
Epoch:29:		loss:0.10304049402475357
Epoch:29:		loss:0.10530653595924377
Epoch:29:		loss:0.11931344121694565
Epoch:29:		loss:0.1054145097732544
Epoch:29:		loss:0.07717056572437286
Epoch:29:		loss:0.10021456331014633
Epoch:29:		loss:0.08327575027942657
Epoch:30:		loss:0.13848091661930084
Epoch:30:		loss:0.10255854576826096
Epoch:30:		loss:0.09901825338602066
Epoch:30:		loss:0.09317415207624435
Epoch:30:		loss:0.099308080971241
Epoch:30:		loss:0.13351280987262726
Epoch:30:		loss:0.08920731395483017
Epoch:30:		loss:0.08688053488731384
Epoch:30:		loss:0.07814700156450272
Epoch:30:		loss:0.13470430672168732
Epoch:30:		loss:0.09014501422643661
Epoch:30:		loss:0.10410434752702713
Epoch:30:		loss:0.09595964848995209
All maneuver Precision on test_set: 82.50 %
Lane changing maneuver Precision on test_set: 85.71 %
Turn maneuver Precision on test_set: 79.29 %
Anticipation time on test_set: 4.76 
All maneuver Precision on train_set: 99.72 %
Lane changing maneuver Precision on train_set: 99.43 %
Turn maneuver Precision on train_set: 100.00 %
Anticipation time on train_set: 4.73 
当前最大准确率	测试集:82.66%	 训练集:99.72%, 学习率：0.00017358693285391162
Epoch:31:		loss:0.08907079696655273
Epoch:31:		loss:0.07064445316791534
Epoch:31:		loss:0.08839259296655655
Epoch:31:		loss:0.11109817773103714
Epoch:31:		loss:0.08667518943548203
Epoch:31:		loss:0.12921933829784393
Epoch:31:		loss:0.12400815635919571
Epoch:31:		loss:0.1022508442401886
Epoch:31:		loss:0.09108775109052658
Epoch:31:		loss:0.09146711975336075
Epoch:31:		loss:0.0871480330824852
Epoch:31:		loss:0.11203768104314804
Epoch:31:		loss:0.0928257629275322
Epoch:32:		loss:0.11835095286369324
Epoch:32:		loss:0.09678342938423157
Epoch:32:		loss:0.07086039334535599
Epoch:32:		loss:0.08524418622255325
Epoch:32:		loss:0.08743435144424438
Epoch:32:		loss:0.13780662417411804
Epoch:32:		loss:0.09024108201265335
Epoch:32:		loss:0.06523194909095764
Epoch:32:		loss:0.08598057180643082
Epoch:32:		loss:0.06813603639602661
Epoch:32:		loss:0.11293215304613113
Epoch:32:		loss:0.09006448835134506
Epoch:32:		loss:0.07392975687980652
Epoch:33:		loss:0.08856198936700821
Epoch:33:		loss:0.10065776109695435
Epoch:33:		loss:0.09724432229995728
Epoch:33:		loss:0.0770624577999115
Epoch:33:		loss:0.06479734927415848
Epoch:33:		loss:0.05020325258374214
Epoch:33:		loss:0.08708154410123825
Epoch:33:		loss:0.10349967330694199
Epoch:33:		loss:0.06247912719845772
Epoch:33:		loss:0.08261626958847046
Epoch:33:		loss:0.10784628987312317
Epoch:33:		loss:0.10717561841011047
Epoch:33:		loss:0.09317432343959808
Epoch:34:		loss:0.10194319486618042
Epoch:34:		loss:0.07368455082178116
Epoch:34:		loss:0.08323336392641068
Epoch:34:		loss:0.10847986489534378
Epoch:34:		loss:0.06358911097049713
Epoch:34:		loss:0.09585901349782944
Epoch:34:		loss:0.07630348950624466
Epoch:34:		loss:0.08064357191324234
Epoch:34:		loss:0.06650521606206894
Epoch:34:		loss:0.09176304936408997
Epoch:34:		loss:0.0834152102470398
Epoch:34:		loss:0.0950574055314064
Epoch:34:		loss:0.0599602572619915
Epoch:35:		loss:0.11400724202394485
Epoch:35:		loss:0.07676146179437637
Epoch:35:		loss:0.07186699658632278
Epoch:35:		loss:0.07790566235780716
Epoch:35:		loss:0.06972784548997879
Epoch:35:		loss:0.05399434641003609
Epoch:35:		loss:0.08411853760480881
Epoch:35:		loss:0.0804499015212059
Epoch:35:		loss:0.07904697209596634
Epoch:35:		loss:0.0655021220445633
Epoch:35:		loss:0.11015290766954422
Epoch:35:		loss:0.07966233044862747
Epoch:35:		loss:0.08917681127786636
All maneuver Precision on test_set: 82.50 %
Lane changing maneuver Precision on test_set: 85.71 %
Turn maneuver Precision on test_set: 79.29 %
Anticipation time on test_set: 4.89 
All maneuver Precision on train_set: 99.72 %
Lane changing maneuver Precision on train_set: 99.44 %
Turn maneuver Precision on train_set: 100.00 %
Anticipation time on train_set: 4.73 
当前最大准确率	测试集:82.66%	 训练集:99.72%, 学习率：0.00017358693285391162
Epoch:36:		loss:0.10556521266698837
Epoch:36:		loss:0.09479677677154541
Epoch:36:		loss:0.0801996961236
Epoch:36:		loss:0.0772225633263588
Epoch:36:		loss:0.06950009614229202
Epoch:36:		loss:0.07106281816959381
Epoch:36:		loss:0.1027432382106781
Epoch:36:		loss:0.0684652179479599
Epoch:36:		loss:0.06340622901916504
Epoch:36:		loss:0.06387562304735184
Epoch:36:		loss:0.09311381727457047
Epoch:36:		loss:0.05362660810351372
Epoch:36:		loss:0.05096558481454849
Epoch:37:		loss:0.07357481867074966
Epoch:37:		loss:0.11075598001480103
Epoch:37:		loss:0.05942138656973839
Epoch:37:		loss:0.07360721379518509
Epoch:37:		loss:0.07893753051757812
Epoch:37:		loss:0.09375221282243729
Epoch:37:		loss:0.06634930521249771
Epoch:37:		loss:0.06625498831272125
Epoch:37:		loss:0.061186935752630234
Epoch:37:		loss:0.06118137016892433
Epoch:37:		loss:0.05674341320991516
Epoch:37:		loss:0.08510509133338928
Epoch:37:		loss:0.068140909075737
Epoch:38:		loss:0.05930536985397339
Epoch:38:		loss:0.07213643938302994
Epoch:38:		loss:0.08217629045248032
Epoch:38:		loss:0.054110895842313766
Epoch:38:		loss:0.07448383420705795
Epoch:38:		loss:0.07211615890264511
Epoch:38:		loss:0.056524503976106644
Epoch:38:		loss:0.0653681829571724
Epoch:38:		loss:0.09802475571632385
Epoch:38:		loss:0.05804214999079704
Epoch:38:		loss:0.07822134345769882
Epoch:38:		loss:0.06582894176244736
Epoch:38:		loss:0.08799251914024353
Epoch:39:		loss:0.07816935330629349
Epoch:39:		loss:0.06428097188472748
Epoch:39:		loss:0.11261109262704849
Epoch:39:		loss:0.05480319634079933
Epoch:39:		loss:0.0596599280834198
Epoch:39:		loss:0.054871246218681335
Epoch:39:		loss:0.08347290754318237
Epoch:39:		loss:0.06247654929757118
Epoch:39:		loss:0.07114320993423462
Epoch:39:		loss:0.09114140272140503
Epoch:39:		loss:0.06028440222144127
Epoch:39:		loss:0.06170021370053291
Epoch:39:		loss:0.058378737419843674
Epoch:40:		loss:0.08684473484754562
Epoch:40:		loss:0.05123864486813545
Epoch:40:		loss:0.08276128768920898
Epoch:40:		loss:0.0763167068362236
Epoch:40:		loss:0.05387512966990471
Epoch:40:		loss:0.0904994085431099
Epoch:40:		loss:0.053196635097265244
Epoch:40:		loss:0.0706319734454155
Epoch:40:		loss:0.05516255274415016
Epoch:40:		loss:0.058894965797662735
Epoch:40:		loss:0.055821970105171204
Epoch:40:		loss:0.07205643504858017
Epoch:40:		loss:0.035989053547382355
All maneuver Precision on test_set: 80.97 %
Lane changing maneuver Precision on test_set: 83.48 %
Turn maneuver Precision on test_set: 78.46 %
Anticipation time on test_set: 4.88 
All maneuver Precision on train_set: 99.72 %
Lane changing maneuver Precision on train_set: 99.44 %
Turn maneuver Precision on train_set: 100.00 %
Anticipation time on train_set: 4.73 
当前最大准确率	测试集:82.66%	 训练集:99.72%, 学习率：0.00017358693285391162
Epoch:41:		loss:0.06802041083574295
Epoch:41:		loss:0.06944941729307175
Epoch:41:		loss:0.06067071482539177
Epoch:41:		loss:0.05616811290383339
Epoch:41:		loss:0.06843017786741257
Epoch:41:		loss:0.10524842143058777
Epoch:41:		loss:0.07098537683486938
Epoch:41:		loss:0.04346369579434395
Epoch:41:		loss:0.06418893486261368
Epoch:41:		loss:0.047901809215545654
Epoch:41:		loss:0.06894322484731674
Epoch:41:		loss:0.047960955649614334
Epoch:41:		loss:0.04550163447856903
Epoch:42:		loss:0.0693085715174675
Epoch:42:		loss:0.08261650800704956
Epoch:42:		loss:0.0637584701180458
Epoch:42:		loss:0.05661645531654358
Epoch:42:		loss:0.059334564954042435
Epoch:42:		loss:0.037955332547426224
Epoch:42:		loss:0.058771077543497086
Epoch:42:		loss:0.045942265540361404
Epoch:42:		loss:0.07286723703145981
Epoch:42:		loss:0.07123593240976334
Epoch:42:		loss:0.0473422147333622
Epoch:42:		loss:0.06606447696685791
Epoch:42:		loss:0.048413410782814026
Epoch:43:		loss:0.062312185764312744
Epoch:43:		loss:0.09381913393735886
Epoch:43:		loss:0.03841297701001167
Epoch:43:		loss:0.04770728573203087
Epoch:43:		loss:0.04168923199176788
Epoch:43:		loss:0.05421863868832588
Epoch:43:		loss:0.05983130261301994
Epoch:43:		loss:0.061827342957258224
Epoch:43:		loss:0.04640292003750801
Epoch:43:		loss:0.06188024953007698
Epoch:43:		loss:0.05554802343249321
Epoch:43:		loss:0.065693199634552
Epoch:43:		loss:0.0794280543923378
Epoch:44:		loss:0.050501104444265366
Epoch:44:		loss:0.0614769272506237
Epoch:44:		loss:0.05230996012687683
Epoch:44:		loss:0.07361117750406265
Epoch:44:		loss:0.07627228647470474
Epoch:44:		loss:0.041077155619859695
Epoch:44:		loss:0.06150955334305763
Epoch:44:		loss:0.04509624466300011
Epoch:44:		loss:0.05400547385215759
Epoch:44:		loss:0.03705992177128792
Epoch:44:		loss:0.06313396990299225
Epoch:44:		loss:0.05913843587040901
Epoch:44:		loss:0.041635289788246155
Epoch:45:		loss:0.0585414357483387
Epoch:45:		loss:0.05374516174197197
Epoch:45:		loss:0.039598625153303146
Epoch:45:		loss:0.06561685353517532
Epoch:45:		loss:0.06631927937269211
Epoch:45:		loss:0.054457712918519974
Epoch:45:		loss:0.02969546616077423
Epoch:45:		loss:0.06973148137331009
Epoch:45:		loss:0.04492756724357605
Epoch:45:		loss:0.042964935302734375
Epoch:45:		loss:0.0669233426451683
Epoch:45:		loss:0.0716034397482872
Epoch:45:		loss:0.056006044149398804
All maneuver Precision on test_set: 87.90 %
Lane changing maneuver Precision on test_set: 86.52 %
Turn maneuver Precision on test_set: 89.29 %
Anticipation time on test_set: 4.89 
All maneuver Precision on train_set: 100.00 %
Lane changing maneuver Precision on train_set: 100.00 %
Turn maneuver Precision on train_set: 100.00 %
Anticipation time on train_set: 4.74 
当前最大准确率	测试集:87.9%	 训练集:100.0%, 学习率：0.00017358693285391162
Epoch:46:		loss:0.04974833130836487
Epoch:46:		loss:0.05097648873925209
Epoch:46:		loss:0.044460687786340714
Epoch:46:		loss:0.036695316433906555
Epoch:46:		loss:0.038280367851257324
Epoch:46:		loss:0.05484647676348686
Epoch:46:		loss:0.0813751295208931
Epoch:46:		loss:0.04901108145713806
Epoch:46:		loss:0.06854841113090515
Epoch:46:		loss:0.039381448179483414
Epoch:46:		loss:0.049181897193193436
Epoch:46:		loss:0.05288655683398247
Epoch:46:		loss:0.05657779425382614
Epoch:47:		loss:0.03777278587222099
Epoch:47:		loss:0.046510446816682816
Epoch:47:		loss:0.05386039987206459
Epoch:47:		loss:0.051506493240594864
Epoch:47:		loss:0.0527619831264019
Epoch:47:		loss:0.043249234557151794
Epoch:47:		loss:0.05657842755317688
Epoch:47:		loss:0.04328892007470131
Epoch:47:		loss:0.08191189169883728
Epoch:47:		loss:0.036540012806653976
Epoch:47:		loss:0.042693670839071274
Epoch:47:		loss:0.06705652922391891
Epoch:47:		loss:0.04883483052253723
Epoch:48:		loss:0.053767409175634384
Epoch:48:		loss:0.06661134958267212
Epoch:48:		loss:0.04619034752249718
Epoch:48:		loss:0.04901505634188652
Epoch:48:		loss:0.04802136495709419
Epoch:48:		loss:0.039710525423288345
Epoch:48:		loss:0.05452665686607361
Epoch:48:		loss:0.046805500984191895
Epoch:48:		loss:0.05280207097530365
Epoch:48:		loss:0.04068145528435707
Epoch:48:		loss:0.0395519994199276
Epoch:48:		loss:0.054166678339242935
Epoch:48:		loss:0.03523632138967514
Epoch:49:		loss:0.05369384586811066
Epoch:49:		loss:0.061237409710884094
Epoch:49:		loss:0.051079366356134415
Epoch:49:		loss:0.03812788054347038
Epoch:49:		loss:0.03347334638237953
Epoch:49:		loss:0.04592752456665039
Epoch:49:		loss:0.05749662593007088
Epoch:49:		loss:0.044275913387537
Epoch:49:		loss:0.03784322366118431
Epoch:49:		loss:0.04894585907459259
Epoch:49:		loss:0.04856919124722481
Epoch:49:		loss:0.03237016871571541
Epoch:49:		loss:0.05734812840819359
Epoch:50:		loss:0.05455504730343819
Epoch:50:		loss:0.05384441092610359
Epoch:50:		loss:0.05038149654865265
Epoch:50:		loss:0.034889522939920425
Epoch:50:		loss:0.03899679705500603
Epoch:50:		loss:0.04201485589146614
Epoch:50:		loss:0.03251231089234352
Epoch:50:		loss:0.03689207136631012
Epoch:50:		loss:0.059499096125364304
Epoch:50:		loss:0.048146042972803116
Epoch:50:		loss:0.05291854217648506
Epoch:50:		loss:0.06438589096069336
Epoch:50:		loss:0.02719525620341301
All maneuver Precision on test_set: 84.61 %
Lane changing maneuver Precision on test_set: 81.71 %
Turn maneuver Precision on test_set: 87.50 %
Anticipation time on test_set: 4.88 
All maneuver Precision on train_set: 100.00 %
Lane changing maneuver Precision on train_set: 100.00 %
Turn maneuver Precision on train_set: 100.00 %
Anticipation time on train_set: 4.74 
当前最大准确率	测试集:87.9%	 训练集:100.0%, 学习率：0.00017358693285391162
Epoch:51:		loss:0.04505908116698265
Epoch:51:		loss:0.038466185331344604
Epoch:51:		loss:0.047742173075675964
Epoch:51:		loss:0.06610051542520523
Epoch:51:		loss:0.04521656408905983
Epoch:51:		loss:0.05163910984992981
Epoch:51:		loss:0.04719904437661171
Epoch:51:		loss:0.06216565892100334
Epoch:51:		loss:0.038120023906230927
Epoch:51:		loss:0.030679984018206596
Epoch:51:		loss:0.03669792786240578
Epoch:51:		loss:0.029572805389761925
Epoch:51:		loss:0.04453957453370094
Epoch:52:		loss:0.04578545689582825
Epoch:52:		loss:0.05058911070227623
Epoch:52:		loss:0.04991663619875908
Epoch:52:		loss:0.022776944562792778
Epoch:52:		loss:0.05071687698364258
Epoch:52:		loss:0.03530442342162132
Epoch:52:		loss:0.04972441494464874
Epoch:52:		loss:0.04441722109913826
Epoch:52:		loss:0.04077153652906418
Epoch:52:		loss:0.04525952413678169
Epoch:52:		loss:0.03082035481929779
Epoch:52:		loss:0.035661399364471436
Epoch:52:		loss:0.05582355707883835
Epoch:53:		loss:0.045676033943891525
Epoch:53:		loss:0.04542931914329529
Epoch:53:		loss:0.029998762533068657
Epoch:53:		loss:0.030652238056063652
Epoch:53:		loss:0.046272341161966324
Epoch:53:		loss:0.044565144926309586
Epoch:53:		loss:0.036986202001571655
Epoch:53:		loss:0.04638981819152832
Epoch:53:		loss:0.052095506340265274
Epoch:53:		loss:0.03480212762951851
Epoch:53:		loss:0.0415901318192482
Epoch:53:		loss:0.04300759360194206
Epoch:53:		loss:0.055209070444107056
Epoch:54:		loss:0.03970662131905556
Epoch:54:		loss:0.04650598764419556
Epoch:54:		loss:0.048254478722810745
Epoch:54:		loss:0.031888026744127274
Epoch:54:		loss:0.0280341487377882
Epoch:54:		loss:0.04728975519537926
Epoch:54:		loss:0.06430038064718246
Epoch:54:		loss:0.03582165762782097
Epoch:54:		loss:0.04413779079914093
Epoch:54:		loss:0.03313174471259117
Epoch:54:		loss:0.036888282746076584
Epoch:54:		loss:0.03846961632370949
Epoch:54:		loss:0.039504729211330414
Epoch:55:		loss:0.044823694974184036
Epoch:55:		loss:0.03170108422636986
Epoch:55:		loss:0.054686617106199265
Epoch:55:		loss:0.035465337336063385
Epoch:55:		loss:0.03391053155064583
Epoch:55:		loss:0.0390770323574543
Epoch:55:		loss:0.037982530891895294
Epoch:55:		loss:0.04344255104660988
Epoch:55:		loss:0.0443526990711689
Epoch:55:		loss:0.03928210958838463
Epoch:55:		loss:0.024503203108906746
Epoch:55:		loss:0.04118184372782707
Epoch:55:		loss:0.03696891665458679
All maneuver Precision on test_set: 85.97 %
Lane changing maneuver Precision on test_set: 83.48 %
Turn maneuver Precision on test_set: 88.46 %
Anticipation time on test_set: 4.91 
All maneuver Precision on train_set: 100.00 %
Lane changing maneuver Precision on train_set: 100.00 %
Turn maneuver Precision on train_set: 100.00 %
Anticipation time on train_set: 4.74 
当前最大准确率	测试集:87.9%	 训练集:100.0%, 学习率：0.00017358693285391162
Epoch:56:		loss:0.03761445730924606
Epoch:56:		loss:0.03672559931874275
Epoch:56:		loss:0.031882282346487045
Epoch:56:		loss:0.043546002358198166
Epoch:56:		loss:0.03641139715909958
Epoch:56:		loss:0.03643645718693733
Epoch:56:		loss:0.02474602311849594
Epoch:56:		loss:0.03754407539963722
Epoch:56:		loss:0.030858615413308144
Epoch:56:		loss:0.035437166690826416
Epoch:56:		loss:0.048329200595617294
Epoch:56:		loss:0.05051115155220032
Epoch:56:		loss:0.03720373287796974
Epoch:57:		loss:0.04888096824288368
Epoch:57:		loss:0.04688136652112007
Epoch:57:		loss:0.03725576400756836
Epoch:57:		loss:0.03189658746123314
Epoch:57:		loss:0.03859841451048851
Epoch:57:		loss:0.04210919141769409
Epoch:57:		loss:0.030095279216766357
Epoch:57:		loss:0.026433877646923065
Epoch:57:		loss:0.042733997106552124
Epoch:57:		loss:0.03180724382400513
Epoch:57:		loss:0.029613805934786797
Epoch:57:		loss:0.03728242218494415
Epoch:57:		loss:0.029991164803504944
Epoch:58:		loss:0.038030073046684265
Epoch:58:		loss:0.035176705569028854
Epoch:58:		loss:0.04073513671755791
Epoch:58:		loss:0.04533753916621208
Epoch:58:		loss:0.029845161363482475
Epoch:58:		loss:0.02612287737429142
Epoch:58:		loss:0.03148719295859337
Epoch:58:		loss:0.04787157475948334
Epoch:58:		loss:0.039499979466199875
Epoch:58:		loss:0.0357554666697979
Epoch:58:		loss:0.03407325968146324
Epoch:58:		loss:0.04243667051196098
Epoch:58:		loss:0.02167380228638649
Epoch:59:		loss:0.03623344749212265
Epoch:59:		loss:0.02819783240556717
Epoch:59:		loss:0.033186133950948715
Epoch:59:		loss:0.025263456627726555
Epoch:59:		loss:0.02808026410639286
Epoch:59:		loss:0.024801449850201607
Epoch:59:		loss:0.03178587928414345
Epoch:59:		loss:0.036086488515138626
Epoch:59:		loss:0.044302817434072495
Epoch:59:		loss:0.043835412710905075
Epoch:59:		loss:0.047316282987594604
Epoch:59:		loss:0.03176117315888405
Epoch:59:		loss:0.0281547699123621
Epoch:60:		loss:0.03915506973862648
Epoch:60:		loss:0.02855466865003109
Epoch:60:		loss:0.03367626294493675
Epoch:60:		loss:0.031879622489213943
Epoch:60:		loss:0.019980793818831444
Epoch:60:		loss:0.04229544475674629
Epoch:60:		loss:0.03973393514752388
Epoch:60:		loss:0.030302034690976143
Epoch:60:		loss:0.03305194899439812
Epoch:60:		loss:0.03417330980300903
Epoch:60:		loss:0.028989078477025032
Epoch:60:		loss:0.046444159001111984
Epoch:60:		loss:0.023209620267152786
All maneuver Precision on test_set: 86.13 %
Lane changing maneuver Precision on test_set: 83.81 %
Turn maneuver Precision on test_set: 88.46 %
Anticipation time on test_set: 4.88 
All maneuver Precision on train_set: 100.00 %
Lane changing maneuver Precision on train_set: 100.00 %
Turn maneuver Precision on train_set: 100.00 %
Anticipation time on train_set: 4.74 
当前最大准确率	测试集:87.9%	 训练集:100.0%, 学习率：0.00017358693285391162
Epoch:61:		loss:0.040402356535196304
Epoch:61:		loss:0.031544361263513565
Epoch:61:		loss:0.03057144768536091
Epoch:61:		loss:0.030828438699245453
Epoch:61:		loss:0.036198198795318604
Epoch:61:		loss:0.030543573200702667
Epoch:61:		loss:0.03143603354692459
Epoch:61:		loss:0.036557503044605255
Epoch:61:		loss:0.026572613045573235
Epoch:61:		loss:0.022122859954833984
Epoch:61:		loss:0.03562048450112343
Epoch:61:		loss:0.052236199378967285
Epoch:61:		loss:0.0323951281607151
Epoch:62:		loss:0.029817193746566772
Epoch:62:		loss:0.034693725407123566
Epoch:62:		loss:0.02761201560497284
Epoch:62:		loss:0.04044150561094284
Epoch:62:		loss:0.042279090732336044
Epoch:62:		loss:0.02815829962491989
Epoch:62:		loss:0.03769801929593086
Epoch:62:		loss:0.019923286512494087
Epoch:62:		loss:0.03172311559319496
Epoch:62:		loss:0.027167491614818573
Epoch:62:		loss:0.0328686349093914
Epoch:62:		loss:0.03745459392666817
Epoch:62:		loss:0.03812883794307709
Epoch:63:		loss:0.032439734786748886
Epoch:63:		loss:0.022324437275528908
Epoch:63:		loss:0.033421773463487625
Epoch:63:		loss:0.04339243471622467
Epoch:63:		loss:0.024752160534262657
Epoch:63:		loss:0.03154726326465607
Epoch:63:		loss:0.03369997814297676
Epoch:63:		loss:0.03323109447956085
Epoch:63:		loss:0.029045170173048973
Epoch:63:		loss:0.033411603420972824
Epoch:63:		loss:0.03562707081437111
Epoch:63:		loss:0.035503923892974854
Epoch:63:		loss:0.016945237293839455
Epoch:64:		loss:0.03243477642536163
Epoch:64:		loss:0.026795515790581703
Epoch:64:		loss:0.035035405308008194
Epoch:64:		loss:0.03464221581816673
Epoch:64:		loss:0.038782548159360886
Epoch:64:		loss:0.02256990410387516
Epoch:64:		loss:0.02378041110932827
Epoch:64:		loss:0.033126603811979294
Epoch:64:		loss:0.03162575885653496
Epoch:64:		loss:0.02631920762360096
Epoch:64:		loss:0.03220784291625023
Epoch:64:		loss:0.034255389124155045
Epoch:64:		loss:0.020574312657117844
Epoch:65:		loss:0.024175837635993958
Epoch:65:		loss:0.015297438949346542
Epoch:65:		loss:0.026426328346133232
Epoch:65:		loss:0.027666179463267326
Epoch:65:		loss:0.03560507670044899
Epoch:65:		loss:0.02568570338189602
Epoch:65:		loss:0.028758764266967773
Epoch:65:		loss:0.030242057517170906
Epoch:65:		loss:0.044149916619062424
Epoch:65:		loss:0.039549749344587326
Epoch:65:		loss:0.021725082769989967
Epoch:65:		loss:0.023340590298175812
Epoch:65:		loss:0.04455577954649925
All maneuver Precision on test_set: 80.79 %
Lane changing maneuver Precision on test_set: 83.12 %
Turn maneuver Precision on test_set: 78.46 %
Anticipation time on test_set: 4.92 
All maneuver Precision on train_set: 100.00 %
Lane changing maneuver Precision on train_set: 100.00 %
Turn maneuver Precision on train_set: 100.00 %
Anticipation time on train_set: 4.74 
当前最大准确率	测试集:87.9%	 训练集:100.0%, 学习率：0.00017358693285391162
Epoch:66:		loss:0.01965079829096794
Epoch:66:		loss:0.02968469262123108
Epoch:66:		loss:0.024824639782309532
Epoch:66:		loss:0.03459862247109413
Epoch:66:		loss:0.025124475359916687
Epoch:66:		loss:0.02940668910741806
Epoch:66:		loss:0.0264287069439888
Epoch:66:		loss:0.03601227328181267
Epoch:66:		loss:0.028757696971297264
Epoch:66:		loss:0.026569142937660217
Epoch:66:		loss:0.02669963240623474
Epoch:66:		loss:0.027440398931503296
Epoch:66:		loss:0.04540558159351349
Epoch:67:		loss:0.025729482993483543
Epoch:67:		loss:0.03097539395093918
Epoch:67:		loss:0.03214027360081673
Epoch:67:		loss:0.0215586069971323
Epoch:67:		loss:0.023408347740769386
Epoch:67:		loss:0.022898657247424126
Epoch:67:		loss:0.028590617701411247
Epoch:67:		loss:0.03268371522426605
Epoch:67:		loss:0.021440841257572174
Epoch:67:		loss:0.03197350353002548
Epoch:67:		loss:0.039004892110824585
Epoch:67:		loss:0.023833202198147774
Epoch:67:		loss:0.021314337849617004
Epoch:68:		loss:0.025939129292964935
Epoch:68:		loss:0.025999950245022774
Epoch:68:		loss:0.02011534385383129
Epoch:68:		loss:0.016929570585489273
Epoch:68:		loss:0.044925540685653687
Epoch:68:		loss:0.038680706173181534
Epoch:68:		loss:0.03927290812134743
Epoch:68:		loss:0.026588203385472298
Epoch:68:		loss:0.028067050501704216
Epoch:68:		loss:0.021217701956629753
Epoch:68:		loss:0.023820122703909874
Epoch:68:		loss:0.021630236878991127
Epoch:68:		loss:0.0225754976272583
Epoch:69:		loss:0.022480681538581848
Epoch:69:		loss:0.0222469475120306
Epoch:69:		loss:0.03190188854932785
Epoch:69:		loss:0.018575897440314293
Epoch:69:		loss:0.024549992755055428
Epoch:69:		loss:0.03514843061566353
Epoch:69:		loss:0.03863262012600899
Epoch:69:		loss:0.025523528456687927
Epoch:69:		loss:0.025304989889264107
Epoch:69:		loss:0.030122533440589905
Epoch:69:		loss:0.02770937979221344
Epoch:69:		loss:0.027206048369407654
Epoch:69:		loss:0.02952575869858265
Epoch:70:		loss:0.039620157331228256
Epoch:70:		loss:0.02857399731874466
Epoch:70:		loss:0.022038474678993225
Epoch:70:		loss:0.0310699213296175
Epoch:70:		loss:0.017795437946915627
Epoch:70:		loss:0.026674950495362282
Epoch:70:		loss:0.026262274011969566
Epoch:70:		loss:0.02922833524644375
Epoch:70:		loss:0.017954537644982338
Epoch:70:		loss:0.030798008665442467
Epoch:70:		loss:0.02562860958278179
Epoch:70:		loss:0.02912799082696438
Epoch:70:		loss:0.01625829190015793
All maneuver Precision on test_set: 80.79 %
Lane changing maneuver Precision on test_set: 83.12 %
Turn maneuver Precision on test_set: 78.46 %
Anticipation time on test_set: 4.92 
All maneuver Precision on train_set: 100.00 %
Lane changing maneuver Precision on train_set: 100.00 %
Turn maneuver Precision on train_set: 100.00 %
Anticipation time on train_set: 4.74 
当前最大准确率	测试集:87.9%	 训练集:100.0%, 学习率：0.00017358693285391162
Epoch:71:		loss:0.02488614432513714
Epoch:71:		loss:0.03398440405726433
Epoch:71:		loss:0.015137718059122562
Epoch:71:		loss:0.025324702262878418
Epoch:71:		loss:0.020751142874360085
Epoch:71:		loss:0.022134331986308098
Epoch:71:		loss:0.04232114180922508
Epoch:71:		loss:0.03181460127234459
Epoch:71:		loss:0.01954255811870098
Epoch:71:		loss:0.024296490475535393
Epoch:71:		loss:0.021481534466147423
Epoch:71:		loss:0.0281908567994833
Epoch:71:		loss:0.028687454760074615
Epoch:72:		loss:0.03205142542719841
Epoch:72:		loss:0.016994336619973183
Epoch:72:		loss:0.023419110104441643
Epoch:72:		loss:0.02349952422082424
Epoch:72:		loss:0.023794760927557945
Epoch:72:		loss:0.026752687990665436
Epoch:72:		loss:0.022937417030334473
Epoch:72:		loss:0.018197791650891304
Epoch:72:		loss:0.03333256021142006
Epoch:72:		loss:0.017422234639525414
Epoch:72:		loss:0.02552981860935688
Epoch:72:		loss:0.03234858810901642
Epoch:72:		loss:0.03740950673818588
Epoch:73:		loss:0.019519247114658356
Epoch:73:		loss:0.024408133700489998
Epoch:73:		loss:0.02512245625257492
Epoch:73:		loss:0.028501151129603386
Epoch:73:		loss:0.02775517664849758
Epoch:73:		loss:0.02042035199701786
Epoch:73:		loss:0.02434001863002777
Epoch:73:		loss:0.020507456734776497
Epoch:73:		loss:0.02421613782644272
Epoch:73:		loss:0.015901142731308937
Epoch:73:		loss:0.023816416040062904
Epoch:73:		loss:0.024929581210017204
Epoch:73:		loss:0.041247762739658356
Epoch:74:		loss:0.014830627478659153
Epoch:74:		loss:0.02689698152244091
Epoch:74:		loss:0.01926111988723278
Epoch:74:		loss:0.023086652159690857
Epoch:74:		loss:0.024847397580742836
Epoch:74:		loss:0.021023089066147804
Epoch:74:		loss:0.019182279706001282
Epoch:74:		loss:0.036122143268585205
Epoch:74:		loss:0.019802499562501907
Epoch:74:		loss:0.031044358387589455
Epoch:74:		loss:0.031179845333099365
Epoch:74:		loss:0.023666374385356903
Epoch:74:		loss:0.021184615790843964
Epoch:75:		loss:0.02985546551644802
Epoch:75:		loss:0.015952326357364655
Epoch:75:		loss:0.02492220140993595
Epoch:75:		loss:0.019918033853173256
Epoch:75:		loss:0.01593708246946335
Epoch:75:		loss:0.031764719635248184
Epoch:75:		loss:0.022205529734492302
Epoch:75:		loss:0.021292254328727722
Epoch:75:		loss:0.027182819321751595
Epoch:75:		loss:0.02633838914334774
Epoch:75:		loss:0.023898614570498466
Epoch:75:		loss:0.018904266878962517
Epoch:75:		loss:0.028249457478523254
All maneuver Precision on test_set: 80.79 %
Lane changing maneuver Precision on test_set: 83.12 %
Turn maneuver Precision on test_set: 78.46 %
Anticipation time on test_set: 4.92 
All maneuver Precision on train_set: 100.00 %
Lane changing maneuver Precision on train_set: 100.00 %
Turn maneuver Precision on train_set: 100.00 %
Anticipation time on train_set: 4.74 
当前最大准确率	测试集:87.9%	 训练集:100.0%, 学习率：0.00017358693285391162
Epoch:76:		loss:0.02973208762705326
Epoch:76:		loss:0.02294393815100193
Epoch:76:		loss:0.01814083196222782
Epoch:76:		loss:0.018929533660411835
Epoch:76:		loss:0.019441477954387665
Epoch:76:		loss:0.023750431835651398
Epoch:76:		loss:0.02816181816160679
Epoch:76:		loss:0.024331239983439445
Epoch:76:		loss:0.01992061175405979
Epoch:76:		loss:0.02134738117456436
Epoch:76:		loss:0.031874336302280426
Epoch:76:		loss:0.017095552757382393
Epoch:76:		loss:0.022211672738194466
Epoch:77:		loss:0.018628977239131927
Epoch:77:		loss:0.02173737995326519
Epoch:77:		loss:0.04594261944293976
Epoch:77:		loss:0.03236803412437439
Epoch:77:		loss:0.014130037277936935
Epoch:77:		loss:0.02365706115961075
Epoch:77:		loss:0.016671856865286827
Epoch:77:		loss:0.019858436658978462
Epoch:77:		loss:0.021534956991672516
Epoch:77:		loss:0.021717093884944916
Epoch:77:		loss:0.017355674877762794
Epoch:77:		loss:0.022406062111258507
Epoch:77:		loss:0.014106331393122673
Epoch:78:		loss:0.029430842027068138
Epoch:78:		loss:0.022773630917072296
Epoch:78:		loss:0.017459042370319366
Epoch:78:		loss:0.01788528822362423
Epoch:78:		loss:0.016796987503767014
Epoch:78:		loss:0.01748121716082096
Epoch:78:		loss:0.020272215828299522
Epoch:78:		loss:0.025504058226943016
Epoch:78:		loss:0.01877746358513832
Epoch:78:		loss:0.020100509747862816
Epoch:78:		loss:0.02363811433315277
Epoch:78:		loss:0.02709718979895115
Epoch:78:		loss:0.03132791072130203
Epoch:79:		loss:0.022945215925574303
Epoch:79:		loss:0.016782954335212708
Epoch:79:		loss:0.023586297407746315
Epoch:79:		loss:0.030064811930060387
Epoch:79:		loss:0.016359364613890648
Epoch:79:		loss:0.024372486397624016
Epoch:79:		loss:0.01868768222630024
Epoch:79:		loss:0.019707852974534035
Epoch:79:		loss:0.023190753534436226
Epoch:79:		loss:0.020832525566220284
Epoch:79:		loss:0.013901363126933575
Epoch:79:		loss:0.027541019022464752
Epoch:79:		loss:0.02126750536262989
Epoch:80:		loss:0.019545258954167366
Epoch:80:		loss:0.02423645369708538
Epoch:80:		loss:0.017812596634030342
Epoch:80:		loss:0.015325133688747883
Epoch:80:		loss:0.026020368561148643
Epoch:80:		loss:0.012259230017662048
Epoch:80:		loss:0.01825452782213688
Epoch:80:		loss:0.020103398710489273
Epoch:80:		loss:0.027363261207938194
Epoch:80:		loss:0.021756023168563843
Epoch:80:		loss:0.020476097241044044
Epoch:80:		loss:0.024546710774302483
Epoch:80:		loss:0.019117280840873718
All maneuver Precision on test_set: 80.79 %
Lane changing maneuver Precision on test_set: 83.12 %
Turn maneuver Precision on test_set: 78.46 %
Anticipation time on test_set: 4.92 
All maneuver Precision on train_set: 100.00 %
Lane changing maneuver Precision on train_set: 100.00 %
Turn maneuver Precision on train_set: 100.00 %
Anticipation time on train_set: 4.74 
当前最大准确率	测试集:87.9%	 训练集:100.0%, 学习率：0.00017358693285391162
Epoch:81:		loss:0.016618546098470688
Epoch:81:		loss:0.017440414056181908
Epoch:81:		loss:0.020289933308959007
Epoch:81:		loss:0.02482878603041172
Epoch:81:		loss:0.020800694823265076
Epoch:81:		loss:0.01541838888078928
Epoch:81:		loss:0.019387250766158104
Epoch:81:		loss:0.028840960934758186
Epoch:81:		loss:0.017886312678456306
Epoch:81:		loss:0.020349351689219475
Epoch:81:		loss:0.020809011533856392
Epoch:81:		loss:0.024525955319404602
Epoch:81:		loss:0.013531176373362541
Epoch:82:		loss:0.023088008165359497
Epoch:82:		loss:0.02141074277460575
Epoch:82:		loss:0.02046813629567623
Epoch:82:		loss:0.018140418455004692
Epoch:82:		loss:0.015761086717247963
Epoch:82:		loss:0.022089429199695587
Epoch:82:		loss:0.017889829352498055
Epoch:82:		loss:0.016384722664952278
Epoch:82:		loss:0.029292574152350426
Epoch:82:		loss:0.013980685733258724
Epoch:82:		loss:0.013958760537207127
Epoch:82:		loss:0.022621318697929382
Epoch:82:		loss:0.025324584916234016
Epoch:83:		loss:0.013295083306729794
Epoch:83:		loss:0.027686355635523796
Epoch:83:		loss:0.01866983249783516
Epoch:83:		loss:0.016380831599235535
Epoch:83:		loss:0.0173968393355608
Epoch:83:		loss:0.02368561178445816
Epoch:83:		loss:0.021169884130358696
Epoch:83:		loss:0.01570204831659794
Epoch:83:		loss:0.018712561577558517
Epoch:83:		loss:0.01860244944691658
Epoch:83:		loss:0.01960783824324608
Epoch:83:		loss:0.031149394810199738
Epoch:83:		loss:0.01856680028140545
Epoch:84:		loss:0.018253229558467865
Epoch:84:		loss:0.013371272943913937
Epoch:84:		loss:0.019329112023115158
Epoch:84:		loss:0.026953523978590965
Epoch:84:		loss:0.022858398035168648
Epoch:84:		loss:0.01919344626367092
Epoch:84:		loss:0.022640706971287727
Epoch:84:		loss:0.0184775423258543
Epoch:84:		loss:0.018827250227332115
Epoch:84:		loss:0.017216436564922333
Epoch:84:		loss:0.01792830601334572
Epoch:84:		loss:0.017258750274777412
Epoch:84:		loss:0.0204924363642931
Epoch:85:		loss:0.017415102571249008
Epoch:85:		loss:0.015181582421064377
Epoch:85:		loss:0.024365633726119995
Epoch:85:		loss:0.019447578117251396
Epoch:85:		loss:0.01879500411450863
Epoch:85:		loss:0.012360614724457264
Epoch:85:		loss:0.016825711354613304
Epoch:85:		loss:0.01802535355091095
Epoch:85:		loss:0.015387085266411304
Epoch:85:		loss:0.019881010055541992
Epoch:85:		loss:0.017494605854153633
Epoch:85:		loss:0.02768552117049694
Epoch:85:		loss:0.02410542219877243
All maneuver Precision on test_set: 80.97 %
Lane changing maneuver Precision on test_set: 83.48 %
Turn maneuver Precision on test_set: 78.46 %
Anticipation time on test_set: 4.92 
All maneuver Precision on train_set: 100.00 %
Lane changing maneuver Precision on train_set: 100.00 %
Turn maneuver Precision on train_set: 100.00 %
Anticipation time on train_set: 4.74 
当前最大准确率	测试集:87.9%	 训练集:100.0%, 学习率：0.00017358693285391162
Epoch:86:		loss:0.020756671205163002
Epoch:86:		loss:0.01767660863697529
Epoch:86:		loss:0.02210504561662674
Epoch:86:		loss:0.013448427431285381
Epoch:86:		loss:0.018021801486611366
Epoch:86:		loss:0.01645723730325699
Epoch:86:		loss:0.0207855012267828
Epoch:86:		loss:0.024121133610606194
Epoch:86:		loss:0.016235344111919403
Epoch:86:		loss:0.01940068230032921
Epoch:86:		loss:0.018914630636572838
Epoch:86:		loss:0.017534058541059494
Epoch:86:		loss:0.023995161056518555
Epoch:87:		loss:0.011504985392093658
Epoch:87:		loss:0.012781325727701187
Epoch:87:		loss:0.015971345826983452
Epoch:87:		loss:0.015423321165144444
Epoch:87:		loss:0.029583124443888664
Epoch:87:		loss:0.011644181795418262
Epoch:87:		loss:0.01352289691567421
Epoch:87:		loss:0.018693681806325912
Epoch:87:		loss:0.0188260730355978
Epoch:87:		loss:0.024799546226859093
Epoch:87:		loss:0.020363034680485725
Epoch:87:		loss:0.028123222291469574
Epoch:87:		loss:0.01925518549978733
Epoch:88:		loss:0.02155347168445587
Epoch:88:		loss:0.01598426140844822
Epoch:88:		loss:0.018158158287405968
Epoch:88:		loss:0.01796776056289673
Epoch:88:		loss:0.017665226012468338
Epoch:88:		loss:0.0129185626283288
Epoch:88:		loss:0.02193610928952694
Epoch:88:		loss:0.010580272413790226
Epoch:88:		loss:0.019058803096413612
Epoch:88:		loss:0.020002994686365128
Epoch:88:		loss:0.019562510773539543
Epoch:88:		loss:0.021675430238246918
Epoch:88:		loss:0.021710924804210663
Epoch:89:		loss:0.02732190303504467
Epoch:89:		loss:0.013498368673026562
Epoch:89:		loss:0.015134579502046108
Epoch:89:		loss:0.01599811762571335
Epoch:89:		loss:0.019967129454016685
Epoch:89:		loss:0.013300296850502491
Epoch:89:		loss:0.02503400295972824
Epoch:89:		loss:0.013660206459462643
Epoch:89:		loss:0.01538297813385725
Epoch:89:		loss:0.013122075237333775
Epoch:89:		loss:0.02202278934419155
Epoch:89:		loss:0.020774072036147118
Epoch:89:		loss:0.013344619423151016
Epoch:90:		loss:0.020999260246753693
Epoch:90:		loss:0.01949443854391575
Epoch:90:		loss:0.009961940348148346
Epoch:90:		loss:0.015843169763684273
Epoch:90:		loss:0.018614886328577995
Epoch:90:		loss:0.015553947538137436
Epoch:90:		loss:0.012132312171161175
Epoch:90:		loss:0.02227814495563507
Epoch:90:		loss:0.01193834375590086
Epoch:90:		loss:0.021658696234226227
Epoch:90:		loss:0.024236679077148438
Epoch:90:		loss:0.013878115452826023
Epoch:90:		loss:0.019741715863347054
All maneuver Precision on test_set: 81.13 %
Lane changing maneuver Precision on test_set: 83.81 %
Turn maneuver Precision on test_set: 78.46 %
Anticipation time on test_set: 4.92 
All maneuver Precision on train_set: 100.00 %
Lane changing maneuver Precision on train_set: 100.00 %
Turn maneuver Precision on train_set: 100.00 %
Anticipation time on train_set: 4.74 
当前最大准确率	测试集:87.9%	 训练集:100.0%, 学习率：0.00017358693285391162
Epoch:91:		loss:0.022074468433856964
Epoch:91:		loss:0.022028421983122826
Epoch:91:		loss:0.02135632373392582
Epoch:91:		loss:0.016781197860836983
Epoch:91:		loss:0.010498124174773693
Epoch:91:		loss:0.018873244524002075
Epoch:91:		loss:0.01958688534796238
Epoch:91:		loss:0.01408375520259142
Epoch:91:		loss:0.01749650575220585
Epoch:91:		loss:0.01385252084583044
Epoch:91:		loss:0.012487281113862991
Epoch:91:		loss:0.01908954232931137
Epoch:91:		loss:0.019312892109155655
Epoch:92:		loss:0.023114750161767006
Epoch:92:		loss:0.015381389297544956
Epoch:92:		loss:0.01206019427627325
Epoch:92:		loss:0.009692835621535778
Epoch:92:		loss:0.015544626861810684
Epoch:92:		loss:0.01983472891151905
Epoch:92:		loss:0.018962377682328224
Epoch:92:		loss:0.013778123073279858
Epoch:92:		loss:0.01583612523972988
Epoch:92:		loss:0.018320448696613312
Epoch:92:		loss:0.021625088527798653
Epoch:92:		loss:0.011210829019546509
Epoch:92:		loss:0.028993209823966026
Epoch:93:		loss:0.015433630906045437
Epoch:93:		loss:0.012515797279775143
Epoch:93:		loss:0.017306942492723465
Epoch:93:		loss:0.01232874859124422
Epoch:93:		loss:0.014828319661319256
Epoch:93:		loss:0.017810381948947906
Epoch:93:		loss:0.016628211364150047
Epoch:93:		loss:0.017612161114811897
Epoch:93:		loss:0.011781868524849415
Epoch:93:		loss:0.018614934757351875
Epoch:93:		loss:0.017743252217769623
Epoch:93:		loss:0.02202506549656391
Epoch:93:		loss:0.027812140062451363
Epoch:94:		loss:0.015557092614471912
Epoch:94:		loss:0.011732153594493866
Epoch:94:		loss:0.025791345164179802
Epoch:94:		loss:0.01622106321156025
Epoch:94:		loss:0.015493985265493393
Epoch:94:		loss:0.01752757467329502
Epoch:94:		loss:0.014348695985972881
Epoch:94:		loss:0.01353015098720789
Epoch:94:		loss:0.009178569540381432
Epoch:94:		loss:0.014490089379251003
Epoch:94:		loss:0.020208850502967834
Epoch:94:		loss:0.021551847457885742
Epoch:94:		loss:0.008916817605495453
Epoch:95:		loss:0.016254998743534088
Epoch:95:		loss:0.019329285249114037
Epoch:95:		loss:0.01264779269695282
Epoch:95:		loss:0.01757708564400673
Epoch:95:		loss:0.01613503135740757
Epoch:95:		loss:0.025322221219539642
Epoch:95:		loss:0.012190601788461208
Epoch:95:		loss:0.020463215187191963
Epoch:95:		loss:0.010141783393919468
Epoch:95:		loss:0.012753278017044067
Epoch:95:		loss:0.01677318662405014
Epoch:95:		loss:0.012791742570698261
Epoch:95:		loss:0.021513795480132103
All maneuver Precision on test_set: 82.40 %
Lane changing maneuver Precision on test_set: 83.12 %
Turn maneuver Precision on test_set: 81.67 %
Anticipation time on test_set: 4.92 
All maneuver Precision on train_set: 100.00 %
Lane changing maneuver Precision on train_set: 100.00 %
Turn maneuver Precision on train_set: 100.00 %
Anticipation time on train_set: 4.74 
当前最大准确率	测试集:87.9%	 训练集:100.0%, 学习率：0.00017358693285391162
Epoch:96:		loss:0.016191788017749786
Epoch:96:		loss:0.010919622145593166
Epoch:96:		loss:0.016493894159793854
Epoch:96:		loss:0.017855336889624596
Epoch:96:		loss:0.0163799487054348
Epoch:96:		loss:0.015943503007292747
Epoch:96:		loss:0.009311187081038952
Epoch:96:		loss:0.013121109455823898
Epoch:96:		loss:0.016416890546679497
Epoch:96:		loss:0.020879579707980156
Epoch:96:		loss:0.01727968454360962
Epoch:96:		loss:0.01770118810236454
Epoch:96:		loss:0.01657666638493538
Epoch:97:		loss:0.019079817458987236
Epoch:97:		loss:0.023921094834804535
Epoch:97:		loss:0.014504614286124706
Epoch:97:		loss:0.022476134821772575
Epoch:97:		loss:0.014726255089044571
Epoch:97:		loss:0.014213494956493378
Epoch:97:		loss:0.009523767046630383
Epoch:97:		loss:0.013657008297741413
Epoch:97:		loss:0.010366777889430523
Epoch:97:		loss:0.015224932692945004
Epoch:97:		loss:0.012543809600174427
Epoch:97:		loss:0.01676560565829277
Epoch:97:		loss:0.014382021501660347
Epoch:98:		loss:0.01189460139721632
Epoch:98:		loss:0.011206545867025852
Epoch:98:		loss:0.012579895555973053
Epoch:98:		loss:0.014522191137075424
Epoch:98:		loss:0.016979649662971497
Epoch:98:		loss:0.01914398930966854
Epoch:98:		loss:0.014953500591218472
Epoch:98:		loss:0.016315627843141556
Epoch:98:		loss:0.013127840124070644
Epoch:98:		loss:0.012533471919596195
Epoch:98:		loss:0.015596269629895687
Epoch:98:		loss:0.017669983208179474
Epoch:98:		loss:0.015219208784401417
Epoch:99:		loss:0.007427472621202469
Epoch:99:		loss:0.018557896837592125
Epoch:99:		loss:0.015811434015631676
Epoch:99:		loss:0.022530898451805115
Epoch:99:		loss:0.009383740834891796
Epoch:99:		loss:0.01493512000888586
Epoch:99:		loss:0.020691577345132828
Epoch:99:		loss:0.00816261861473322
Epoch:99:		loss:0.012161602266132832
Epoch:99:		loss:0.01817803643643856
Epoch:99:		loss:0.018627319484949112
Epoch:99:		loss:0.011012080125510693
Epoch:99:		loss:0.01504792645573616
Epoch:100:		loss:0.01503185648471117
Epoch:100:		loss:0.012535830028355122
Epoch:100:		loss:0.01751989684998989
Epoch:100:		loss:0.016380995512008667
Epoch:100:		loss:0.011949185281991959
Epoch:100:		loss:0.015068120323121548
Epoch:100:		loss:0.015637420117855072
Epoch:100:		loss:0.01706807315349579
Epoch:100:		loss:0.010735549032688141
Epoch:100:		loss:0.015463517047464848
Epoch:100:		loss:0.014302468858659267
Epoch:100:		loss:0.015450756996870041
Epoch:100:		loss:0.013321315869688988
All maneuver Precision on test_set: 82.40 %
Lane changing maneuver Precision on test_set: 83.12 %
Turn maneuver Precision on test_set: 81.67 %
Anticipation time on test_set: 4.92 
All maneuver Precision on train_set: 100.00 %
Lane changing maneuver Precision on train_set: 100.00 %
Turn maneuver Precision on train_set: 100.00 %
Anticipation time on train_set: 4.74 
当前最大准确率	测试集:87.9%	 训练集:100.0%, 学习率：0.00017358693285391162
Epoch:101:		loss:0.013206768780946732
Epoch:101:		loss:0.012812691740691662
Epoch:101:		loss:0.013558934442698956
Epoch:101:		loss:0.017978081479668617
Epoch:101:		loss:0.013350408524274826
Epoch:101:		loss:0.019053990021348
Epoch:101:		loss:0.009685186669230461
Epoch:101:		loss:0.013171195052564144
Epoch:101:		loss:0.015130087733268738
Epoch:101:		loss:0.016911333426833153
Epoch:101:		loss:0.017484275624155998
Epoch:101:		loss:0.013367109932005405
Epoch:101:		loss:0.01174754649400711
Epoch:102:		loss:0.011683664284646511
Epoch:102:		loss:0.012097720056772232
Epoch:102:		loss:0.015416890382766724
Epoch:102:		loss:0.014038436114788055
Epoch:102:		loss:0.01184330228716135
Epoch:102:		loss:0.011731881648302078
Epoch:102:		loss:0.0178384929895401
Epoch:102:		loss:0.01173838134855032
Epoch:102:		loss:0.014580894261598587
Epoch:102:		loss:0.01887262426316738
Epoch:102:		loss:0.01073521003127098
Epoch:102:		loss:0.016405312344431877
Epoch:102:		loss:0.022198103368282318
Epoch:103:		loss:0.015530634671449661
Epoch:103:		loss:0.010074706748127937
Epoch:103:		loss:0.020765436813235283
Epoch:103:		loss:0.013354725204408169
Epoch:103:		loss:0.01716848649084568
Epoch:103:		loss:0.008645648136734962
Epoch:103:		loss:0.012588661164045334
Epoch:103:		loss:0.018101446330547333
Epoch:103:		loss:0.010246864520013332
Epoch:103:		loss:0.015167277306318283
Epoch:103:		loss:0.015844663605093956
Epoch:103:		loss:0.0140686621889472
Epoch:103:		loss:0.01976923644542694
Epoch:104:		loss:0.010534041561186314
Epoch:104:		loss:0.012458019889891148
Epoch:104:		loss:0.015213879756629467
Epoch:104:		loss:0.01375486422330141
Epoch:104:		loss:0.01601261831820011
Epoch:104:		loss:0.011839800514280796
Epoch:104:		loss:0.011992968618869781
Epoch:104:		loss:0.0169217512011528
Epoch:104:		loss:0.015975749120116234
Epoch:104:		loss:0.012218593619763851
Epoch:104:		loss:0.011124522425234318
Epoch:104:		loss:0.017885832116007805
Epoch:104:		loss:0.019053727388381958
Epoch:105:		loss:0.015312764793634415
Epoch:105:		loss:0.01201215386390686
Epoch:105:		loss:0.013382312841713428
Epoch:105:		loss:0.01563304476439953
Epoch:105:		loss:0.012850764207541943
Epoch:105:		loss:0.01725716143846512
Epoch:105:		loss:0.012102889828383923
Epoch:105:		loss:0.01456464733928442
Epoch:105:		loss:0.010978213511407375
Epoch:105:		loss:0.011165103875100613
Epoch:105:		loss:0.017434341832995415
Epoch:105:		loss:0.011114372871816158
Epoch:105:		loss:0.012168900109827518
All maneuver Precision on test_set: 82.40 %
Lane changing maneuver Precision on test_set: 83.12 %
Turn maneuver Precision on test_set: 81.67 %
Anticipation time on test_set: 4.92 
All maneuver Precision on train_set: 100.00 %
Lane changing maneuver Precision on train_set: 100.00 %
Turn maneuver Precision on train_set: 100.00 %
Anticipation time on train_set: 4.74 
当前最大准确率	测试集:87.9%	 训练集:100.0%, 学习率：0.00017358693285391162
Epoch:106:		loss:0.012558482587337494
Epoch:106:		loss:0.010677293874323368
Epoch:106:		loss:0.011632523499429226
Epoch:106:		loss:0.014649562537670135
Epoch:106:		loss:0.013853468000888824
Epoch:106:		loss:0.015681354328989983
Epoch:106:		loss:0.015188676305115223
Epoch:106:		loss:0.01387795154005289
Epoch:106:		loss:0.012554951012134552
Epoch:106:		loss:0.01532163005322218
Epoch:106:		loss:0.010233334265649319
Epoch:106:		loss:0.019802549853920937
Epoch:106:		loss:0.0053981333039700985
Epoch:107:		loss:0.011586314998567104
Epoch:107:		loss:0.010876663029193878
Epoch:107:		loss:0.00896996259689331
Epoch:107:		loss:0.012861791998147964
Epoch:107:		loss:0.01735535077750683
Epoch:107:		loss:0.010314811952412128
Epoch:107:		loss:0.019851883873343468
Epoch:107:		loss:0.019312983378767967
Epoch:107:		loss:0.01701533980667591
Epoch:107:		loss:0.009269128553569317
Epoch:107:		loss:0.012704294174909592
Epoch:107:		loss:0.012370818294584751
Epoch:107:		loss:0.009157590568065643
Epoch:108:		loss:0.009816441684961319
Epoch:108:		loss:0.013414149172604084
Epoch:108:		loss:0.01435768511146307
Epoch:108:		loss:0.01344516035169363
Epoch:108:		loss:0.015055883675813675
Epoch:108:		loss:0.013190490193665028
Epoch:108:		loss:0.01592683419585228
Epoch:108:		loss:0.010623929090797901
Epoch:108:		loss:0.01064049731940031
Epoch:108:		loss:0.013511859811842442
Epoch:108:		loss:0.016886485740542412
Epoch:108:		loss:0.01483131106942892
Epoch:108:		loss:0.009058148600161076
Epoch:109:		loss:0.013833603821694851
Epoch:109:		loss:0.012631993740797043
Epoch:109:		loss:0.0097832465544343
Epoch:109:		loss:0.016292179003357887
Epoch:109:		loss:0.017464755102992058
Epoch:109:		loss:0.011360738426446915
Epoch:109:		loss:0.013420085422694683
Epoch:109:		loss:0.015427556820213795
Epoch:109:		loss:0.009723481722176075
Epoch:109:		loss:0.012231428176164627
Epoch:109:		loss:0.011262052692472935
Epoch:109:		loss:0.011752408929169178
Epoch:109:		loss:0.014744194224476814
Epoch:110:		loss:0.0139629440382123
Epoch:110:		loss:0.011600010097026825
Epoch:110:		loss:0.009346459060907364
Epoch:110:		loss:0.017292125150561333
Epoch:110:		loss:0.010516423732042313
Epoch:110:		loss:0.0160693172365427
Epoch:110:		loss:0.008519550785422325
Epoch:110:		loss:0.01878415234386921
Epoch:110:		loss:0.010062254033982754
Epoch:110:		loss:0.01062113419175148
Epoch:110:		loss:0.01205133181065321
Epoch:110:		loss:0.009761933237314224
Epoch:110:		loss:0.01351294107735157
All maneuver Precision on test_set: 82.74 %
Lane changing maneuver Precision on test_set: 83.81 %
Turn maneuver Precision on test_set: 81.67 %
Anticipation time on test_set: 4.92 
All maneuver Precision on train_set: 100.00 %
Lane changing maneuver Precision on train_set: 100.00 %
Turn maneuver Precision on train_set: 100.00 %
Anticipation time on train_set: 4.74 
当前最大准确率	测试集:87.9%	 训练集:100.0%, 学习率：0.00017358693285391162
Epoch:111:		loss:0.011926653794944286
Epoch:111:		loss:0.010362076573073864
Epoch:111:		loss:0.010995548218488693
Epoch:111:		loss:0.0131130525842309
Epoch:111:		loss:0.013115032576024532
Epoch:111:		loss:0.01540229469537735
Epoch:111:		loss:0.015020227991044521
Epoch:111:		loss:0.011990551836788654
Epoch:111:		loss:0.016482047736644745
Epoch:111:		loss:0.011633026413619518
Epoch:111:		loss:0.01072650495916605
Epoch:111:		loss:0.013075406663119793
Epoch:111:		loss:0.00796250905841589
Epoch:112:		loss:0.00940240453928709
Epoch:112:		loss:0.018602589145302773
Epoch:112:		loss:0.012828401289880276
Epoch:112:		loss:0.009701334871351719
Epoch:112:		loss:0.011476933024823666
Epoch:112:		loss:0.013003156520426273
Epoch:112:		loss:0.007873865775763988
Epoch:112:		loss:0.01416726317256689
Epoch:112:		loss:0.00952284224331379
Epoch:112:		loss:0.012860015965998173
Epoch:112:		loss:0.01699378527700901
Epoch:112:		loss:0.015306229703128338
Epoch:112:		loss:0.010776682756841183
Epoch:113:		loss:0.01018818374723196
Epoch:113:		loss:0.00829186663031578
Epoch:113:		loss:0.010923434048891068
Epoch:113:		loss:0.011816811747848988
Epoch:113:		loss:0.013341597281396389
Epoch:113:		loss:0.015767138451337814
Epoch:113:		loss:0.016487015411257744
Epoch:113:		loss:0.015302780084311962
Epoch:113:		loss:0.010805516503751278
Epoch:113:		loss:0.010799374431371689
Epoch:113:		loss:0.008943305350840092
Epoch:113:		loss:0.01890065148472786
Epoch:113:		loss:0.008672047406435013
Epoch:114:		loss:0.01256283838301897
Epoch:114:		loss:0.012533058412373066
Epoch:114:		loss:0.014193344861268997
Epoch:114:		loss:0.011198471300303936
Epoch:114:		loss:0.0153404101729393
Epoch:114:		loss:0.013574530370533466
Epoch:114:		loss:0.010600158013403416
Epoch:114:		loss:0.01626521348953247
Epoch:114:		loss:0.006290956865996122
Epoch:114:		loss:0.009419004432857037
Epoch:114:		loss:0.011618032120168209
Epoch:114:		loss:0.011472240090370178
Epoch:114:		loss:0.014386149123311043
Epoch:115:		loss:0.011214964091777802
Epoch:115:		loss:0.010515398345887661
Epoch:115:		loss:0.011015862226486206
Epoch:115:		loss:0.012790650129318237
Epoch:115:		loss:0.012842490337789059
Epoch:115:		loss:0.013608794659376144
Epoch:115:		loss:0.013138439506292343
Epoch:115:		loss:0.006506968289613724
Epoch:115:		loss:0.010648286901414394
Epoch:115:		loss:0.014426805078983307
Epoch:115:		loss:0.011102990247309208
Epoch:115:		loss:0.015206030569970608
Epoch:115:		loss:0.01510906033217907
All maneuver Precision on test_set: 82.74 %
Lane changing maneuver Precision on test_set: 83.81 %
Turn maneuver Precision on test_set: 81.67 %
Anticipation time on test_set: 4.92 
All maneuver Precision on train_set: 100.00 %
Lane changing maneuver Precision on train_set: 100.00 %
Turn maneuver Precision on train_set: 100.00 %
Anticipation time on train_set: 4.74 
当前最大准确率	测试集:87.9%	 训练集:100.0%, 学习率：0.00017358693285391162
Epoch:116:		loss:0.012785326689481735
Epoch:116:		loss:0.011492936871945858
Epoch:116:		loss:0.006720018107444048
Epoch:116:		loss:0.011417094618082047
Epoch:116:		loss:0.013014297001063824
Epoch:116:		loss:0.010188638232648373
Epoch:116:		loss:0.014441710896790028
Epoch:116:		loss:0.013934685848653316
Epoch:116:		loss:0.015270370990037918
Epoch:116:		loss:0.01654019206762314
Epoch:116:		loss:0.0117598632350564
Epoch:116:		loss:0.00868673250079155
Epoch:116:		loss:0.009207511320710182
Epoch:117:		loss:0.009310643188655376
Epoch:117:		loss:0.010938331484794617
Epoch:117:		loss:0.013744085095822811
Epoch:117:		loss:0.010489780455827713
Epoch:117:		loss:0.012391005642712116
Epoch:117:		loss:0.015437476336956024
Epoch:117:		loss:0.009010053239762783
Epoch:117:		loss:0.01581563800573349
Epoch:117:		loss:0.008383466862142086
Epoch:117:		loss:0.010041628032922745
Epoch:117:		loss:0.011805225163698196
Epoch:117:		loss:0.012147180736064911
Epoch:117:		loss:0.010608101263642311
Epoch:118:		loss:0.009892409667372704
Epoch:118:		loss:0.007712084800004959
Epoch:118:		loss:0.009257585741579533
Epoch:118:		loss:0.012056865729391575
Epoch:118:		loss:0.012562924064695835
Epoch:118:		loss:0.017143232747912407
Epoch:118:		loss:0.012379363179206848
Epoch:118:		loss:0.012378126382827759
Epoch:118:		loss:0.01602942682802677
Epoch:118:		loss:0.010441739112138748
Epoch:118:		loss:0.011810164898633957
Epoch:118:		loss:0.008347091265022755
Epoch:118:		loss:0.007877679541707039
Epoch:119:		loss:0.009020944125950336
Epoch:119:		loss:0.010721530765295029
Epoch:119:		loss:0.008169387467205524
Epoch:119:		loss:0.012972542084753513
Epoch:119:		loss:0.010753988288342953
Epoch:119:		loss:0.013149883598089218
Epoch:119:		loss:0.009308697655797005
Epoch:119:		loss:0.01041251327842474
Epoch:119:		loss:0.009064579382538795
Epoch:119:		loss:0.01592102460563183
Epoch:119:		loss:0.012395601719617844
Epoch:119:		loss:0.009344187565147877
Epoch:119:		loss:0.014118952676653862
Epoch:120:		loss:0.014605126343667507
Epoch:120:		loss:0.016042759642004967
Epoch:120:		loss:0.008207053877413273
Epoch:120:		loss:0.007808273658156395
Epoch:120:		loss:0.009678008034825325
Epoch:120:		loss:0.009554293937981129
Epoch:120:		loss:0.011194467544555664
Epoch:120:		loss:0.009106704033911228
Epoch:120:		loss:0.012496224604547024
Epoch:120:		loss:0.011468485929071903
Epoch:120:		loss:0.010395428165793419
Epoch:120:		loss:0.014311220496892929
Epoch:120:		loss:0.012429799884557724
All maneuver Precision on test_set: 82.74 %
Lane changing maneuver Precision on test_set: 83.81 %
Turn maneuver Precision on test_set: 81.67 %
Anticipation time on test_set: 4.92 
All maneuver Precision on train_set: 100.00 %
Lane changing maneuver Precision on train_set: 100.00 %
Turn maneuver Precision on train_set: 100.00 %
Anticipation time on train_set: 4.74 
当前最大准确率	测试集:87.9%	 训练集:100.0%, 学习率：0.00017358693285391162
Epoch:121:		loss:0.010650351643562317
Epoch:121:		loss:0.00993648823350668
Epoch:121:		loss:0.009992376901209354
Epoch:121:		loss:0.011891011148691177
Epoch:121:		loss:0.010604857467114925
Epoch:121:		loss:0.011867265217006207
Epoch:121:		loss:0.0156160369515419
Epoch:121:		loss:0.009753730148077011
Epoch:121:		loss:0.010228444822132587
Epoch:121:		loss:0.006627267226576805
Epoch:121:		loss:0.009630492888391018
Epoch:121:		loss:0.016201507300138474
Epoch:121:		loss:0.009330050088465214
Epoch:122:		loss:0.008082551881670952
Epoch:122:		loss:0.00807888712733984
Epoch:122:		loss:0.009088614024221897
Epoch:122:		loss:0.010307281278073788
Epoch:122:		loss:0.009799356572329998
Epoch:122:		loss:0.011015892960131168
Epoch:122:		loss:0.01081301923841238
Epoch:122:		loss:0.012885186821222305
Epoch:122:		loss:0.010453667491674423
Epoch:122:		loss:0.011534903198480606
Epoch:122:		loss:0.012019649147987366
Epoch:122:		loss:0.012883300893008709
Epoch:122:		loss:0.01609131693840027
Epoch:123:		loss:0.008050128817558289
Epoch:123:		loss:0.0072579397819936275
Epoch:123:		loss:0.012187860906124115
Epoch:123:		loss:0.01412684191018343
Epoch:123:		loss:0.010539845563471317
Epoch:123:		loss:0.014474977739155293
Epoch:123:		loss:0.007492136675864458
Epoch:123:		loss:0.012578560970723629
Epoch:123:		loss:0.008965308777987957
Epoch:123:		loss:0.011885316111147404
Epoch:123:		loss:0.010643735527992249
Epoch:123:		loss:0.010717145167291164
Epoch:123:		loss:0.013208924792706966
Epoch:124:		loss:0.009953717701137066
Epoch:124:		loss:0.008394948206841946
Epoch:124:		loss:0.012016557157039642
Epoch:124:		loss:0.013672665692865849
Epoch:124:		loss:0.011893686838448048
Epoch:124:		loss:0.01101685967296362
Epoch:124:		loss:0.009602812118828297
Epoch:124:		loss:0.00799404364079237
Epoch:124:		loss:0.010667969472706318
Epoch:124:		loss:0.011683701537549496
Epoch:124:		loss:0.007418641820549965
Epoch:124:		loss:0.014692280441522598
Epoch:124:		loss:0.006588807329535484
Epoch:125:		loss:0.015991242602467537
Epoch:125:		loss:0.013067152351140976
Epoch:125:		loss:0.010984458029270172
Epoch:125:		loss:0.009456231258809566
Epoch:125:		loss:0.013906615786254406
Epoch:125:		loss:0.011692042462527752
Epoch:125:		loss:0.009819025173783302
Epoch:125:		loss:0.006932318676263094
Epoch:125:		loss:0.011591712944209576
Epoch:125:		loss:0.011334213428199291
Epoch:125:		loss:0.009610201232135296
Epoch:125:		loss:0.007820338010787964
Epoch:125:		loss:0.0073387594893574715
All maneuver Precision on test_set: 82.74 %
Lane changing maneuver Precision on test_set: 83.81 %
Turn maneuver Precision on test_set: 81.67 %
Anticipation time on test_set: 4.92 
All maneuver Precision on train_set: 100.00 %
Lane changing maneuver Precision on train_set: 100.00 %
Turn maneuver Precision on train_set: 100.00 %
Anticipation time on train_set: 4.74 
当前最大准确率	测试集:87.9%	 训练集:100.0%, 学习率：0.00017358693285391162
Epoch:126:		loss:0.011987030506134033
Epoch:126:		loss:0.007640717551112175
Epoch:126:		loss:0.011638830415904522
Epoch:126:		loss:0.010414979420602322
Epoch:126:		loss:0.008734463714063168
Epoch:126:		loss:0.009458625689148903
Epoch:126:		loss:0.008872350677847862
Epoch:126:		loss:0.008420959115028381
Epoch:126:		loss:0.010158966295421124
Epoch:126:		loss:0.01000609528273344
Epoch:126:		loss:0.01121992152184248
Epoch:126:		loss:0.013920769095420837
Epoch:126:		loss:0.010403862223029137
Epoch:127:		loss:0.010034737177193165
Epoch:127:		loss:0.010080626234412193
Epoch:127:		loss:0.008985827676951885
Epoch:127:		loss:0.009835437871515751
Epoch:127:		loss:0.012987006455659866
Epoch:127:		loss:0.01025260891765356
Epoch:127:		loss:0.013003607280552387
Epoch:127:		loss:0.005578711628913879
Epoch:127:		loss:0.010220905765891075
Epoch:127:		loss:0.007906049489974976
Epoch:127:		loss:0.009349438361823559
Epoch:127:		loss:0.01564464345574379
Epoch:127:		loss:0.006383039057254791
Epoch:128:		loss:0.010266282595694065
Epoch:128:		loss:0.00762925436720252
Epoch:128:		loss:0.010464909486472607
Epoch:128:		loss:0.011252672411501408
Epoch:128:		loss:0.006983330473303795
Epoch:128:		loss:0.011565044522285461
Epoch:128:		loss:0.013065368868410587
Epoch:128:		loss:0.0077364337630569935
Epoch:128:		loss:0.012319967150688171
Epoch:128:		loss:0.005230139475315809
Epoch:128:		loss:0.0137148043140769
Epoch:128:		loss:0.008074912242591381
Epoch:128:		loss:0.013898571021854877
Epoch:129:		loss:0.010543275624513626
Epoch:129:		loss:0.010948502458631992
Epoch:129:		loss:0.011593487113714218
Epoch:129:		loss:0.010717646218836308
Epoch:129:		loss:0.01022388692945242
Epoch:129:		loss:0.007837709039449692
Epoch:129:		loss:0.014480780810117722
Epoch:129:		loss:0.009559144265949726
Epoch:129:		loss:0.01010550931096077
Epoch:129:		loss:0.005559398327022791
Epoch:129:		loss:0.010965841822326183
Epoch:129:		loss:0.006454138550907373
Epoch:129:		loss:0.012772385030984879
Epoch:130:		loss:0.00992672611027956
Epoch:130:		loss:0.006961828097701073
Epoch:130:		loss:0.010137208737432957
Epoch:130:		loss:0.010715097188949585
Epoch:130:		loss:0.005549205467104912
Epoch:130:		loss:0.008654163219034672
Epoch:130:		loss:0.014164209365844727
Epoch:130:		loss:0.009011873044073582
Epoch:130:		loss:0.013279423117637634
Epoch:130:		loss:0.009214718826115131
Epoch:130:		loss:0.014600141905248165
Epoch:130:		loss:0.007897061295807362
Epoch:130:		loss:0.014053722843527794
All maneuver Precision on test_set: 82.74 %
Lane changing maneuver Precision on test_set: 83.81 %
Turn maneuver Precision on test_set: 81.67 %
Anticipation time on test_set: 4.92 
All maneuver Precision on train_set: 100.00 %
Lane changing maneuver Precision on train_set: 100.00 %
Turn maneuver Precision on train_set: 100.00 %
Anticipation time on train_set: 4.74 
当前最大准确率	测试集:87.9%	 训练集:100.0%, 学习率：0.00017358693285391162
Epoch:131:		loss:0.009049858897924423
Epoch:131:		loss:0.008472256362438202
Epoch:131:		loss:0.009751575067639351
Epoch:131:		loss:0.01057721208781004
Epoch:131:		loss:0.00848986767232418
Epoch:131:		loss:0.010140174999833107
Epoch:131:		loss:0.010600400157272816
Epoch:131:		loss:0.015348088927567005
Epoch:131:		loss:0.008566723205149174
Epoch:131:		loss:0.011955942958593369
Epoch:131:		loss:0.006996956188231707
Epoch:131:		loss:0.009060540236532688
Epoch:131:		loss:0.005075342953205109
Epoch:132:		loss:0.008396192453801632
Epoch:132:		loss:0.00992503296583891
Epoch:132:		loss:0.00930894073098898
Epoch:132:		loss:0.012443889863789082
Epoch:132:		loss:0.009822779335081577
Epoch:132:		loss:0.008192113600671291
Epoch:132:		loss:0.010748502798378468
Epoch:132:		loss:0.011609130539000034
Epoch:132:		loss:0.011131864972412586
Epoch:132:		loss:0.006652321200817823
Epoch:132:		loss:0.010058782063424587
Epoch:132:		loss:0.007586656603962183
Epoch:132:		loss:0.010710537433624268
Epoch:133:		loss:0.006017716135829687
Epoch:133:		loss:0.011587762273848057
Epoch:133:		loss:0.008257811889052391
Epoch:133:		loss:0.009345588274300098
Epoch:133:		loss:0.009543627500534058
Epoch:133:		loss:0.009542091749608517
Epoch:133:		loss:0.010753055103123188
Epoch:133:		loss:0.009053814224898815
Epoch:133:		loss:0.01177262794226408
Epoch:133:		loss:0.013215060345828533
Epoch:133:		loss:0.008752807043492794
Epoch:133:		loss:0.006690710783004761
Epoch:133:		loss:0.010008912533521652
Epoch:134:		loss:0.007780080195516348
Epoch:134:		loss:0.006668776273727417
Epoch:134:		loss:0.009400998242199421
Epoch:134:		loss:0.008472482673823833
Epoch:134:		loss:0.005791347473859787
Epoch:134:		loss:0.011633078567683697
Epoch:134:		loss:0.010475359857082367
Epoch:134:		loss:0.009262243285775185
Epoch:134:		loss:0.00955815427005291
Epoch:134:		loss:0.014397070743143559
Epoch:134:		loss:0.009147107601165771
Epoch:134:		loss:0.00806141085922718
Epoch:134:		loss:0.010699900798499584
Epoch:135:		loss:0.009907807223498821
Epoch:135:		loss:0.009278667159378529
Epoch:135:		loss:0.012469974346458912
Epoch:135:		loss:0.01067027822136879
Epoch:135:		loss:0.008695618249475956
Epoch:135:		loss:0.009029232896864414
Epoch:135:		loss:0.008827746845781803
Epoch:135:		loss:0.008649041876196861
Epoch:135:		loss:0.009052323177456856
Epoch:135:		loss:0.006935389246791601
Epoch:135:		loss:0.009809440933167934
Epoch:135:		loss:0.006701742764562368
Epoch:135:		loss:0.012256450951099396
All maneuver Precision on test_set: 82.40 %
Lane changing maneuver Precision on test_set: 83.12 %
Turn maneuver Precision on test_set: 81.67 %
Anticipation time on test_set: 4.92 
All maneuver Precision on train_set: 100.00 %
Lane changing maneuver Precision on train_set: 100.00 %
Turn maneuver Precision on train_set: 100.00 %
Anticipation time on train_set: 4.74 
当前最大准确率	测试集:87.9%	 训练集:100.0%, 学习率：0.00017358693285391162
Epoch:136:		loss:0.007836143486201763
Epoch:136:		loss:0.009738602675497532
Epoch:136:		loss:0.009507809765636921
Epoch:136:		loss:0.011498437263071537
Epoch:136:		loss:0.0047425925731658936
Epoch:136:		loss:0.010086826980113983
Epoch:136:		loss:0.010275841690599918
Epoch:136:		loss:0.0067349146120250225
Epoch:136:		loss:0.007519729435443878
Epoch:136:		loss:0.010709504596889019
Epoch:136:		loss:0.012556049972772598
Epoch:136:		loss:0.008663814514875412
Epoch:136:		loss:0.010145701467990875
Epoch:137:		loss:0.011911197565495968
Epoch:137:		loss:0.011303664185106754
Epoch:137:		loss:0.008089649491012096
Epoch:137:		loss:0.00879537034779787
Epoch:137:		loss:0.011252840049564838
Epoch:137:		loss:0.010172897018492222
Epoch:137:		loss:0.007618842646479607
Epoch:137:		loss:0.006089052651077509
Epoch:137:		loss:0.00849253498017788
Epoch:137:		loss:0.00858610775321722
Epoch:137:		loss:0.009929103776812553
Epoch:137:		loss:0.008973787538707256
Epoch:137:		loss:0.00713187362998724
Epoch:138:		loss:0.009090228006243706
Epoch:138:		loss:0.007060131523758173
Epoch:138:		loss:0.01189969852566719
Epoch:138:		loss:0.007377042900770903
Epoch:138:		loss:0.00903222057968378
Epoch:138:		loss:0.008889613673090935
Epoch:138:		loss:0.008756185881793499
Epoch:138:		loss:0.011738942004740238
Epoch:138:		loss:0.010696351528167725
Epoch:138:		loss:0.009218590334057808
Epoch:138:		loss:0.007786454167217016
Epoch:138:		loss:0.008159293793141842
Epoch:138:		loss:0.00801017601042986
Epoch:139:		loss:0.006950932089239359
Epoch:139:		loss:0.007504897657781839
Epoch:139:		loss:0.007070738822221756
Epoch:139:		loss:0.01193785760551691
Epoch:139:		loss:0.011189327575266361
Epoch:139:		loss:0.00802078191190958
Epoch:139:		loss:0.008283672854304314
Epoch:139:		loss:0.005413899198174477
Epoch:139:		loss:0.010353665798902512
Epoch:139:		loss:0.014084725640714169
Epoch:139:		loss:0.0069468822330236435
Epoch:139:		loss:0.009006566368043423
Epoch:139:		loss:0.008786577731370926
Epoch:140:		loss:0.007893777452409267
Epoch:140:		loss:0.00860590860247612
Epoch:140:		loss:0.00714644230902195
Epoch:140:		loss:0.0075769987888634205
Epoch:140:		loss:0.010790093801915646
Epoch:140:		loss:0.00977606326341629
Epoch:140:		loss:0.01287358719855547
Epoch:140:		loss:0.008249142207205296
Epoch:140:		loss:0.010683166794478893
Epoch:140:		loss:0.00711241876706481
Epoch:140:		loss:0.007491089403629303
Epoch:140:		loss:0.008638727478682995
Epoch:140:		loss:0.008700072765350342
All maneuver Precision on test_set: 82.40 %
Lane changing maneuver Precision on test_set: 83.12 %
Turn maneuver Precision on test_set: 81.67 %
Anticipation time on test_set: 4.92 
All maneuver Precision on train_set: 100.00 %
Lane changing maneuver Precision on train_set: 100.00 %
Turn maneuver Precision on train_set: 100.00 %
Anticipation time on train_set: 4.74 
当前最大准确率	测试集:87.9%	 训练集:100.0%, 学习率：0.00017358693285391162
Epoch:141:		loss:0.008385522291064262
Epoch:141:		loss:0.010226348415017128
Epoch:141:		loss:0.010593964718282223
Epoch:141:		loss:0.009656393900513649
Epoch:141:		loss:0.00734802195802331
Epoch:141:		loss:0.009796648286283016
Epoch:141:		loss:0.009228380396962166
Epoch:141:		loss:0.007378007750958204
Epoch:141:		loss:0.009710615500807762
Epoch:141:		loss:0.006744293496012688
Epoch:141:		loss:0.00952992681413889
Epoch:141:		loss:0.006965036038309336
Epoch:141:		loss:0.006465968210250139
Epoch:142:		loss:0.005670299753546715
Epoch:142:		loss:0.010329725220799446
Epoch:142:		loss:0.007427674252539873
Epoch:142:		loss:0.008923367597162724
Epoch:142:		loss:0.007430914789438248
Epoch:142:		loss:0.0070777772925794125
Epoch:142:		loss:0.012479173950850964
Epoch:142:		loss:0.007849596440792084
Epoch:142:		loss:0.010749287903308868
Epoch:142:		loss:0.008481737226247787
Epoch:142:		loss:0.006319928914308548
Epoch:142:		loss:0.006653538439422846
Epoch:142:		loss:0.013120121322572231
Epoch:143:		loss:0.0063286349177360535
Epoch:143:		loss:0.009982098825275898
Epoch:143:		loss:0.009324634447693825
Epoch:143:		loss:0.008668092079460621
Epoch:143:		loss:0.008561289869248867
Epoch:143:		loss:0.00924765970557928
Epoch:143:		loss:0.010142532177269459
Epoch:143:		loss:0.007901432923972607
Epoch:143:		loss:0.00945054367184639
Epoch:143:		loss:0.011569117195904255
Epoch:143:		loss:0.006120910402387381
Epoch:143:		loss:0.007014111150056124
Epoch:143:		loss:0.005281299818307161
Epoch:144:		loss:0.007715072017163038
Epoch:144:		loss:0.010189373977482319
Epoch:144:		loss:0.00830042827874422
Epoch:144:		loss:0.007027310784906149
Epoch:144:		loss:0.009163374081254005
Epoch:144:		loss:0.010033891536295414
Epoch:144:		loss:0.0050626033917069435
Epoch:144:		loss:0.010881539434194565
Epoch:144:		loss:0.007133863400667906
Epoch:144:		loss:0.009456944651901722
Epoch:144:		loss:0.00758744589984417
Epoch:144:		loss:0.008220944553613663
Epoch:144:		loss:0.008348061703145504
Epoch:145:		loss:0.00872739776968956
Epoch:145:		loss:0.009098508395254612
Epoch:145:		loss:0.00899322610348463
Epoch:145:		loss:0.009809286333620548
Epoch:145:		loss:0.009054481983184814
Epoch:145:		loss:0.0072144996374845505
Epoch:145:		loss:0.005881972145289183
Epoch:145:		loss:0.0077958256006240845
Epoch:145:		loss:0.00801903661340475
Epoch:145:		loss:0.008989217691123486
Epoch:145:		loss:0.010939650237560272
Epoch:145:		loss:0.006554193329066038
Epoch:145:		loss:0.007440644316375256
All maneuver Precision on test_set: 82.74 %
Lane changing maneuver Precision on test_set: 83.81 %
Turn maneuver Precision on test_set: 81.67 %
Anticipation time on test_set: 4.92 
All maneuver Precision on train_set: 100.00 %
Lane changing maneuver Precision on train_set: 100.00 %
Turn maneuver Precision on train_set: 100.00 %
Anticipation time on train_set: 4.74 
当前最大准确率	测试集:87.9%	 训练集:100.0%, 学习率：0.00017358693285391162
Epoch:146:		loss:0.008399322628974915
Epoch:146:		loss:0.00607665628194809
Epoch:146:		loss:0.007454472128301859
Epoch:146:		loss:0.007537985686212778
Epoch:146:		loss:0.010965731926262379
Epoch:146:		loss:0.007781227584928274
Epoch:146:		loss:0.009548005647957325
Epoch:146:		loss:0.007458057254552841
Epoch:146:		loss:0.01094540674239397
Epoch:146:		loss:0.008274518884718418
Epoch:146:		loss:0.0100631695240736
Epoch:146:		loss:0.006205958779901266
Epoch:146:		loss:0.008462551049888134
Epoch:147:		loss:0.014991755597293377
Epoch:147:		loss:0.006877062376588583
Epoch:147:		loss:0.007702668663114309
Epoch:147:		loss:0.007198054809123278
Epoch:147:		loss:0.006843535229563713
Epoch:147:		loss:0.010970310308039188
Epoch:147:		loss:0.007685115095227957
Epoch:147:		loss:0.007643020246177912
Epoch:147:		loss:0.006009209435433149
Epoch:147:		loss:0.009720154106616974
Epoch:147:		loss:0.004583733156323433
Epoch:147:		loss:0.00879236776381731
Epoch:147:		loss:0.008808005601167679
Epoch:148:		loss:0.008079460822045803
Epoch:148:		loss:0.007985453121364117
Epoch:148:		loss:0.005550354719161987
Epoch:148:		loss:0.00847864244133234
Epoch:148:		loss:0.0080251544713974
Epoch:148:		loss:0.013853167183697224
Epoch:148:		loss:0.006975011900067329
Epoch:148:		loss:0.0075112818740308285
Epoch:148:		loss:0.009649385698139668
Epoch:148:		loss:0.007899008691310883
Epoch:148:		loss:0.005299810785800219
Epoch:148:		loss:0.005953952204436064
Epoch:148:		loss:0.009550554677844048
Epoch:149:		loss:0.008247110061347485
Epoch:149:		loss:0.0063864546827971935
Epoch:149:		loss:0.011644117534160614
Epoch:149:		loss:0.007425032556056976
Epoch:149:		loss:0.008726600557565689
Epoch:149:		loss:0.008601002395153046
Epoch:149:		loss:0.004217790439724922
Epoch:149:		loss:0.009138911962509155
Epoch:149:		loss:0.005278041120618582
Epoch:149:		loss:0.00947184395045042
Epoch:149:		loss:0.007755408063530922
Epoch:149:		loss:0.007883173413574696
Epoch:149:		loss:0.009969828650355339
Epoch:150:		loss:0.00879976712167263
Epoch:150:		loss:0.0050465757958590984
Epoch:150:		loss:0.008787057362496853
Epoch:150:		loss:0.008281099610030651
Epoch:150:		loss:0.009902757592499256
Epoch:150:		loss:0.007830065675079823
Epoch:150:		loss:0.006475713569670916
Epoch:150:		loss:0.006538684014230967
Epoch:150:		loss:0.007958161644637585
Epoch:150:		loss:0.007220947649329901
Epoch:150:		loss:0.011374559253454208
Epoch:150:		loss:0.007924783043563366
Epoch:150:		loss:0.006903177592903376
All maneuver Precision on test_set: 82.74 %
Lane changing maneuver Precision on test_set: 83.81 %
Turn maneuver Precision on test_set: 81.67 %
Anticipation time on test_set: 4.92 
All maneuver Precision on train_set: 100.00 %
Lane changing maneuver Precision on train_set: 100.00 %
Turn maneuver Precision on train_set: 100.00 %
Anticipation time on train_set: 4.74 
当前最大准确率	测试集:87.9%	 训练集:100.0%, 学习率：0.00017358693285391162
